2020-08-14 14:37:25,624 [Worker-8: Loading available Gradle versions] INFO  o.e.b.c.i.u.g.PublishedGradleVersions - Gradle version information cache is out-of-date. Trying to update.
2020-08-14 14:39:24,350 [Worker-4: 入門コンテンツのインポート] INFO  o.e.m.c.i.e.AbstractTransferListenerAdapter - https://repo.maven.apache.org/maven2/org/springframework/boot/spring-boot-starter-parent/2.3.3.RELEASE/spring-boot-starter-parent-2.3.3.RELEASE.pom のダウンロード中
2020-08-14 14:39:25,005 [Worker-4: 入門コンテンツのインポート] INFO  o.e.m.c.i.e.AbstractTransferListenerAdapter - Downloaded https://repo.maven.apache.org/maven2/org/springframework/boot/spring-boot-starter-parent/2.3.3.RELEASE/spring-boot-starter-parent-2.3.3.RELEASE.pom
2020-08-14 14:39:25,144 [Worker-4: 入門コンテンツのインポート] INFO  o.e.m.c.i.e.AbstractTransferListenerAdapter - https://repo.maven.apache.org/maven2/org/springframework/boot/spring-boot-dependencies/2.3.3.RELEASE/spring-boot-dependencies-2.3.3.RELEASE.pom のダウンロード中
2020-08-14 14:39:25,639 [Worker-4: 入門コンテンツのインポート] INFO  o.e.m.c.i.e.AbstractTransferListenerAdapter - Downloaded https://repo.maven.apache.org/maven2/org/springframework/boot/spring-boot-dependencies/2.3.3.RELEASE/spring-boot-dependencies-2.3.3.RELEASE.pom
2020-08-14 14:39:25,794 [Worker-4: 入門コンテンツのインポート] INFO  o.e.m.c.i.e.AbstractTransferListenerAdapter - https://repo.maven.apache.org/maven2/io/dropwizard/metrics/metrics-bom/4.1.12.1/metrics-bom-4.1.12.1.pom のダウンロード中
2020-08-14 14:39:25,919 [Worker-4: 入門コンテンツのインポート] INFO  o.e.m.c.i.e.AbstractTransferListenerAdapter - Downloaded https://repo.maven.apache.org/maven2/io/dropwizard/metrics/metrics-bom/4.1.12.1/metrics-bom-4.1.12.1.pom
2020-08-14 14:39:26,040 [Worker-4: 入門コンテンツのインポート] INFO  o.e.m.c.i.e.AbstractTransferListenerAdapter - https://repo.maven.apache.org/maven2/io/dropwizard/metrics/metrics-parent/4.1.12.1/metrics-parent-4.1.12.1.pom のダウンロード中
2020-08-14 14:39:26,154 [Worker-4: 入門コンテンツのインポート] INFO  o.e.m.c.i.e.AbstractTransferListenerAdapter - Downloaded https://repo.maven.apache.org/maven2/io/dropwizard/metrics/metrics-parent/4.1.12.1/metrics-parent-4.1.12.1.pom
2020-08-14 14:39:26,273 [Worker-4: 入門コンテンツのインポート] INFO  o.e.m.c.i.e.AbstractTransferListenerAdapter - https://repo.maven.apache.org/maven2/com/fasterxml/jackson/jackson-bom/2.11.2/jackson-bom-2.11.2.pom のダウンロード中
2020-08-14 14:39:26,424 [Worker-4: 入門コンテンツのインポート] INFO  o.e.m.c.i.e.AbstractTransferListenerAdapter - Downloaded https://repo.maven.apache.org/maven2/com/fasterxml/jackson/jackson-bom/2.11.2/jackson-bom-2.11.2.pom
2020-08-14 14:39:26,575 [Worker-4: 入門コンテンツのインポート] INFO  o.e.m.c.i.e.AbstractTransferListenerAdapter - https://repo.maven.apache.org/maven2/org/eclipse/jetty/jetty-bom/9.4.31.v20200723/jetty-bom-9.4.31.v20200723.pom のダウンロード中
2020-08-14 14:39:26,712 [Worker-4: 入門コンテンツのインポート] INFO  o.e.m.c.i.e.AbstractTransferListenerAdapter - Downloaded https://repo.maven.apache.org/maven2/org/eclipse/jetty/jetty-bom/9.4.31.v20200723/jetty-bom-9.4.31.v20200723.pom
2020-08-14 14:39:26,840 [Worker-4: 入門コンテンツのインポート] INFO  o.e.m.c.i.e.AbstractTransferListenerAdapter - https://repo.maven.apache.org/maven2/io/micrometer/micrometer-bom/1.5.4/micrometer-bom-1.5.4.pom のダウンロード中
2020-08-14 14:39:26,960 [Worker-4: 入門コンテンツのインポート] INFO  o.e.m.c.i.e.AbstractTransferListenerAdapter - Downloaded https://repo.maven.apache.org/maven2/io/micrometer/micrometer-bom/1.5.4/micrometer-bom-1.5.4.pom
2020-08-14 14:39:27,086 [Worker-4: 入門コンテンツのインポート] INFO  o.e.m.c.i.e.AbstractTransferListenerAdapter - https://repo.maven.apache.org/maven2/io/projectreactor/reactor-bom/Dysprosium-SR11/reactor-bom-Dysprosium-SR11.pom のダウンロード中
2020-08-14 14:39:27,205 [Worker-4: 入門コンテンツのインポート] INFO  o.e.m.c.i.e.AbstractTransferListenerAdapter - Downloaded https://repo.maven.apache.org/maven2/io/projectreactor/reactor-bom/Dysprosium-SR11/reactor-bom-Dysprosium-SR11.pom
2020-08-14 14:39:27,324 [Worker-4: 入門コンテンツのインポート] INFO  o.e.m.c.i.e.AbstractTransferListenerAdapter - https://repo.maven.apache.org/maven2/io/rsocket/rsocket-bom/1.0.2/rsocket-bom-1.0.2.pom のダウンロード中
2020-08-14 14:39:27,451 [Worker-4: 入門コンテンツのインポート] INFO  o.e.m.c.i.e.AbstractTransferListenerAdapter - Downloaded https://repo.maven.apache.org/maven2/io/rsocket/rsocket-bom/1.0.2/rsocket-bom-1.0.2.pom
2020-08-14 14:39:27,585 [Worker-4: 入門コンテンツのインポート] INFO  o.e.m.c.i.e.AbstractTransferListenerAdapter - https://repo.maven.apache.org/maven2/org/springframework/data/spring-data-releasetrain/Neumann-SR3/spring-data-releasetrain-Neumann-SR3.pom のダウンロード中
2020-08-14 14:39:27,705 [Worker-4: 入門コンテンツのインポート] INFO  o.e.m.c.i.e.AbstractTransferListenerAdapter - Downloaded https://repo.maven.apache.org/maven2/org/springframework/data/spring-data-releasetrain/Neumann-SR3/spring-data-releasetrain-Neumann-SR3.pom
2020-08-14 14:39:27,820 [Worker-4: 入門コンテンツのインポート] INFO  o.e.m.c.i.e.AbstractTransferListenerAdapter - https://repo.maven.apache.org/maven2/org/springframework/data/build/spring-data-build/2.3.3.RELEASE/spring-data-build-2.3.3.RELEASE.pom のダウンロード中
2020-08-14 14:39:27,965 [Worker-4: 入門コンテンツのインポート] INFO  o.e.m.c.i.e.AbstractTransferListenerAdapter - Downloaded https://repo.maven.apache.org/maven2/org/springframework/data/build/spring-data-build/2.3.3.RELEASE/spring-data-build-2.3.3.RELEASE.pom
2020-08-14 14:39:28,083 [Worker-4: 入門コンテンツのインポート] INFO  o.e.m.c.i.e.AbstractTransferListenerAdapter - https://repo.maven.apache.org/maven2/org/springframework/security/spring-security-bom/5.3.4.RELEASE/spring-security-bom-5.3.4.RELEASE.pom のダウンロード中
2020-08-14 14:39:28,199 [Worker-4: 入門コンテンツのインポート] INFO  o.e.m.c.i.e.AbstractTransferListenerAdapter - Downloaded https://repo.maven.apache.org/maven2/org/springframework/security/spring-security-bom/5.3.4.RELEASE/spring-security-bom-5.3.4.RELEASE.pom
2020-08-14 14:39:29,860 [Worker-4: 入門コンテンツのインポート] INFO  o.e.m.c.i.e.AbstractTransferListenerAdapter - https://repo.maven.apache.org/maven2/org/springframework/boot/spring-boot-maven-plugin/2.3.3.RELEASE/spring-boot-maven-plugin-2.3.3.RELEASE.pom のダウンロード中
2020-08-14 14:39:30,099 [Worker-4: 入門コンテンツのインポート] INFO  o.e.m.c.i.e.AbstractTransferListenerAdapter - Downloaded https://repo.maven.apache.org/maven2/org/springframework/boot/spring-boot-maven-plugin/2.3.3.RELEASE/spring-boot-maven-plugin-2.3.3.RELEASE.pom
2020-08-14 14:39:30,205 [Worker-4: 入門コンテンツのインポート] INFO  o.e.m.c.i.e.AbstractTransferListenerAdapter - https://repo.maven.apache.org/maven2/org/springframework/boot/spring-boot-maven-plugin/2.3.3.RELEASE/spring-boot-maven-plugin-2.3.3.RELEASE.jar のダウンロード中
2020-08-14 14:39:30,611 [Worker-4: 入門コンテンツのインポート] INFO  o.e.m.c.i.e.AbstractTransferListenerAdapter - Downloaded https://repo.maven.apache.org/maven2/org/springframework/boot/spring-boot-maven-plugin/2.3.3.RELEASE/spring-boot-maven-plugin-2.3.3.RELEASE.jar
2020-08-14 14:39:31,122 [Worker-4: 入門コンテンツのインポート] INFO  o.e.m.c.i.l.LifecycleMappingFactory - Using org.eclipse.m2e.jdt.JarLifecycleMapping lifecycle mapping for MavenProject: com.example:boot-mvc-e2:0.0.1-SNAPSHOT @ /Users/masahiro/Desktop/java-spring/spring-study2/boot-mvc-e2/pom.xml.
2020-08-14 14:39:31,249 [Worker-4: 入門コンテンツのインポート] INFO  o.e.m.c.i.e.AbstractTransferListenerAdapter - https://repo.maven.apache.org/maven2/org/springframework/boot/spring-boot-starter-thymeleaf/2.3.3.RELEASE/spring-boot-starter-thymeleaf-2.3.3.RELEASE.pom のダウンロード中
2020-08-14 14:39:31,368 [Worker-4: 入門コンテンツのインポート] INFO  o.e.m.c.i.e.AbstractTransferListenerAdapter - Downloaded https://repo.maven.apache.org/maven2/org/springframework/boot/spring-boot-starter-thymeleaf/2.3.3.RELEASE/spring-boot-starter-thymeleaf-2.3.3.RELEASE.pom
2020-08-14 14:39:31,483 [Worker-4: 入門コンテンツのインポート] INFO  o.e.m.c.i.e.AbstractTransferListenerAdapter - https://repo.maven.apache.org/maven2/org/springframework/boot/spring-boot-starter/2.3.3.RELEASE/spring-boot-starter-2.3.3.RELEASE.pom のダウンロード中
2020-08-14 14:39:31,620 [Worker-4: 入門コンテンツのインポート] INFO  o.e.m.c.i.e.AbstractTransferListenerAdapter - Downloaded https://repo.maven.apache.org/maven2/org/springframework/boot/spring-boot-starter/2.3.3.RELEASE/spring-boot-starter-2.3.3.RELEASE.pom
2020-08-14 14:39:31,741 [Worker-4: 入門コンテンツのインポート] INFO  o.e.m.c.i.e.AbstractTransferListenerAdapter - https://repo.maven.apache.org/maven2/org/springframework/boot/spring-boot/2.3.3.RELEASE/spring-boot-2.3.3.RELEASE.pom のダウンロード中
2020-08-14 14:39:31,863 [Worker-4: 入門コンテンツのインポート] INFO  o.e.m.c.i.e.AbstractTransferListenerAdapter - Downloaded https://repo.maven.apache.org/maven2/org/springframework/boot/spring-boot/2.3.3.RELEASE/spring-boot-2.3.3.RELEASE.pom
2020-08-14 14:39:32,227 [Worker-4: 入門コンテンツのインポート] INFO  o.e.m.c.i.e.AbstractTransferListenerAdapter - https://repo.maven.apache.org/maven2/org/springframework/boot/spring-boot-autoconfigure/2.3.3.RELEASE/spring-boot-autoconfigure-2.3.3.RELEASE.pom のダウンロード中
2020-08-14 14:39:32,346 [Worker-4: 入門コンテンツのインポート] INFO  o.e.m.c.i.e.AbstractTransferListenerAdapter - Downloaded https://repo.maven.apache.org/maven2/org/springframework/boot/spring-boot-autoconfigure/2.3.3.RELEASE/spring-boot-autoconfigure-2.3.3.RELEASE.pom
2020-08-14 14:39:32,468 [Worker-4: 入門コンテンツのインポート] INFO  o.e.m.c.i.e.AbstractTransferListenerAdapter - https://repo.maven.apache.org/maven2/org/springframework/boot/spring-boot-starter-logging/2.3.3.RELEASE/spring-boot-starter-logging-2.3.3.RELEASE.pom のダウンロード中
2020-08-14 14:39:32,604 [Worker-4: 入門コンテンツのインポート] INFO  o.e.m.c.i.e.AbstractTransferListenerAdapter - Downloaded https://repo.maven.apache.org/maven2/org/springframework/boot/spring-boot-starter-logging/2.3.3.RELEASE/spring-boot-starter-logging-2.3.3.RELEASE.pom
2020-08-14 14:39:32,770 [Worker-4: 入門コンテンツのインポート] INFO  o.e.m.c.i.e.AbstractTransferListenerAdapter - https://repo.maven.apache.org/maven2/org/springframework/boot/spring-boot-starter-validation/2.3.3.RELEASE/spring-boot-starter-validation-2.3.3.RELEASE.pom のダウンロード中
2020-08-14 14:39:32,893 [Worker-4: 入門コンテンツのインポート] INFO  o.e.m.c.i.e.AbstractTransferListenerAdapter - Downloaded https://repo.maven.apache.org/maven2/org/springframework/boot/spring-boot-starter-validation/2.3.3.RELEASE/spring-boot-starter-validation-2.3.3.RELEASE.pom
2020-08-14 14:39:33,045 [Worker-4: 入門コンテンツのインポート] INFO  o.e.m.c.i.e.AbstractTransferListenerAdapter - https://repo.maven.apache.org/maven2/org/springframework/boot/spring-boot-starter-web/2.3.3.RELEASE/spring-boot-starter-web-2.3.3.RELEASE.pom のダウンロード中
2020-08-14 14:39:33,175 [Worker-4: 入門コンテンツのインポート] INFO  o.e.m.c.i.e.AbstractTransferListenerAdapter - Downloaded https://repo.maven.apache.org/maven2/org/springframework/boot/spring-boot-starter-web/2.3.3.RELEASE/spring-boot-starter-web-2.3.3.RELEASE.pom
2020-08-14 14:39:33,298 [Worker-4: 入門コンテンツのインポート] INFO  o.e.m.c.i.e.AbstractTransferListenerAdapter - https://repo.maven.apache.org/maven2/org/springframework/boot/spring-boot-starter-json/2.3.3.RELEASE/spring-boot-starter-json-2.3.3.RELEASE.pom のダウンロード中
2020-08-14 14:39:33,418 [Worker-4: 入門コンテンツのインポート] INFO  o.e.m.c.i.e.AbstractTransferListenerAdapter - Downloaded https://repo.maven.apache.org/maven2/org/springframework/boot/spring-boot-starter-json/2.3.3.RELEASE/spring-boot-starter-json-2.3.3.RELEASE.pom
2020-08-14 14:39:33,542 [Worker-4: 入門コンテンツのインポート] INFO  o.e.m.c.i.e.AbstractTransferListenerAdapter - https://repo.maven.apache.org/maven2/com/fasterxml/jackson/core/jackson-databind/2.11.2/jackson-databind-2.11.2.pom のダウンロード中
2020-08-14 14:39:33,677 [Worker-4: 入門コンテンツのインポート] INFO  o.e.m.c.i.e.AbstractTransferListenerAdapter - Downloaded https://repo.maven.apache.org/maven2/com/fasterxml/jackson/core/jackson-databind/2.11.2/jackson-databind-2.11.2.pom
2020-08-14 14:39:33,798 [Worker-4: 入門コンテンツのインポート] INFO  o.e.m.c.i.e.AbstractTransferListenerAdapter - https://repo.maven.apache.org/maven2/com/fasterxml/jackson/jackson-base/2.11.2/jackson-base-2.11.2.pom のダウンロード中
2020-08-14 14:39:33,918 [Worker-4: 入門コンテンツのインポート] INFO  o.e.m.c.i.e.AbstractTransferListenerAdapter - Downloaded https://repo.maven.apache.org/maven2/com/fasterxml/jackson/jackson-base/2.11.2/jackson-base-2.11.2.pom
2020-08-14 14:39:34,037 [Worker-4: 入門コンテンツのインポート] INFO  o.e.m.c.i.e.AbstractTransferListenerAdapter - https://repo.maven.apache.org/maven2/com/fasterxml/jackson/core/jackson-annotations/2.11.2/jackson-annotations-2.11.2.pom のダウンロード中
2020-08-14 14:39:34,159 [Worker-4: 入門コンテンツのインポート] INFO  o.e.m.c.i.e.AbstractTransferListenerAdapter - Downloaded https://repo.maven.apache.org/maven2/com/fasterxml/jackson/core/jackson-annotations/2.11.2/jackson-annotations-2.11.2.pom
2020-08-14 14:39:34,277 [Worker-4: 入門コンテンツのインポート] INFO  o.e.m.c.i.e.AbstractTransferListenerAdapter - https://repo.maven.apache.org/maven2/com/fasterxml/jackson/core/jackson-core/2.11.2/jackson-core-2.11.2.pom のダウンロード中
2020-08-14 14:39:34,498 [Worker-4: 入門コンテンツのインポート] INFO  o.e.m.c.i.e.AbstractTransferListenerAdapter - Downloaded https://repo.maven.apache.org/maven2/com/fasterxml/jackson/core/jackson-core/2.11.2/jackson-core-2.11.2.pom
2020-08-14 14:39:34,766 [Worker-4: 入門コンテンツのインポート] INFO  o.e.m.c.i.e.AbstractTransferListenerAdapter - https://repo.maven.apache.org/maven2/com/fasterxml/jackson/datatype/jackson-datatype-jdk8/2.11.2/jackson-datatype-jdk8-2.11.2.pom のダウンロード中
2020-08-14 14:39:35,492 [Worker-4: 入門コンテンツのインポート] INFO  o.e.m.c.i.e.AbstractTransferListenerAdapter - Downloaded https://repo.maven.apache.org/maven2/com/fasterxml/jackson/datatype/jackson-datatype-jdk8/2.11.2/jackson-datatype-jdk8-2.11.2.pom
2020-08-14 14:39:36,160 [Worker-4: 入門コンテンツのインポート] INFO  o.e.m.c.i.e.AbstractTransferListenerAdapter - https://repo.maven.apache.org/maven2/com/fasterxml/jackson/module/jackson-modules-java8/2.11.2/jackson-modules-java8-2.11.2.pom のダウンロード中
2020-08-14 14:39:36,326 [Worker-4: 入門コンテンツのインポート] INFO  o.e.m.c.i.e.AbstractTransferListenerAdapter - Downloaded https://repo.maven.apache.org/maven2/com/fasterxml/jackson/module/jackson-modules-java8/2.11.2/jackson-modules-java8-2.11.2.pom
2020-08-14 14:39:36,489 [Worker-4: 入門コンテンツのインポート] INFO  o.e.m.c.i.e.AbstractTransferListenerAdapter - https://repo.maven.apache.org/maven2/com/fasterxml/jackson/datatype/jackson-datatype-jsr310/2.11.2/jackson-datatype-jsr310-2.11.2.pom のダウンロード中
2020-08-14 14:39:36,673 [Worker-4: 入門コンテンツのインポート] INFO  o.e.m.c.i.e.AbstractTransferListenerAdapter - Downloaded https://repo.maven.apache.org/maven2/com/fasterxml/jackson/datatype/jackson-datatype-jsr310/2.11.2/jackson-datatype-jsr310-2.11.2.pom
2020-08-14 14:39:36,850 [Worker-4: 入門コンテンツのインポート] INFO  o.e.m.c.i.e.AbstractTransferListenerAdapter - https://repo.maven.apache.org/maven2/com/fasterxml/jackson/module/jackson-module-parameter-names/2.11.2/jackson-module-parameter-names-2.11.2.pom のダウンロード中
2020-08-14 14:39:37,035 [Worker-4: 入門コンテンツのインポート] INFO  o.e.m.c.i.e.AbstractTransferListenerAdapter - Downloaded https://repo.maven.apache.org/maven2/com/fasterxml/jackson/module/jackson-module-parameter-names/2.11.2/jackson-module-parameter-names-2.11.2.pom
2020-08-14 14:39:37,214 [Worker-4: 入門コンテンツのインポート] INFO  o.e.m.c.i.e.AbstractTransferListenerAdapter - https://repo.maven.apache.org/maven2/org/springframework/boot/spring-boot-starter-tomcat/2.3.3.RELEASE/spring-boot-starter-tomcat-2.3.3.RELEASE.pom のダウンロード中
2020-08-14 14:39:37,363 [Worker-4: 入門コンテンツのインポート] INFO  o.e.m.c.i.e.AbstractTransferListenerAdapter - Downloaded https://repo.maven.apache.org/maven2/org/springframework/boot/spring-boot-starter-tomcat/2.3.3.RELEASE/spring-boot-starter-tomcat-2.3.3.RELEASE.pom
2020-08-14 14:39:37,541 [Worker-4: 入門コンテンツのインポート] INFO  o.e.m.c.i.e.AbstractTransferListenerAdapter - https://repo.maven.apache.org/maven2/org/springframework/boot/spring-boot-devtools/2.3.3.RELEASE/spring-boot-devtools-2.3.3.RELEASE.pom のダウンロード中
2020-08-14 14:39:38,011 [Worker-4: 入門コンテンツのインポート] INFO  o.e.m.c.i.e.AbstractTransferListenerAdapter - Downloaded https://repo.maven.apache.org/maven2/org/springframework/boot/spring-boot-devtools/2.3.3.RELEASE/spring-boot-devtools-2.3.3.RELEASE.pom
2020-08-14 14:39:38,131 [Worker-4: 入門コンテンツのインポート] INFO  o.e.m.c.i.e.AbstractTransferListenerAdapter - https://repo.maven.apache.org/maven2/org/springframework/boot/spring-boot-starter-test/2.3.3.RELEASE/spring-boot-starter-test-2.3.3.RELEASE.pom のダウンロード中
2020-08-14 14:39:38,248 [Worker-4: 入門コンテンツのインポート] INFO  o.e.m.c.i.e.AbstractTransferListenerAdapter - Downloaded https://repo.maven.apache.org/maven2/org/springframework/boot/spring-boot-starter-test/2.3.3.RELEASE/spring-boot-starter-test-2.3.3.RELEASE.pom
2020-08-14 14:39:38,366 [Worker-4: 入門コンテンツのインポート] INFO  o.e.m.c.i.e.AbstractTransferListenerAdapter - https://repo.maven.apache.org/maven2/org/springframework/boot/spring-boot-test/2.3.3.RELEASE/spring-boot-test-2.3.3.RELEASE.pom のダウンロード中
2020-08-14 14:39:38,486 [Worker-4: 入門コンテンツのインポート] INFO  o.e.m.c.i.e.AbstractTransferListenerAdapter - Downloaded https://repo.maven.apache.org/maven2/org/springframework/boot/spring-boot-test/2.3.3.RELEASE/spring-boot-test-2.3.3.RELEASE.pom
2020-08-14 14:39:38,609 [Worker-4: 入門コンテンツのインポート] INFO  o.e.m.c.i.e.AbstractTransferListenerAdapter - https://repo.maven.apache.org/maven2/org/springframework/boot/spring-boot-test-autoconfigure/2.3.3.RELEASE/spring-boot-test-autoconfigure-2.3.3.RELEASE.pom のダウンロード中
2020-08-14 14:39:38,723 [Worker-4: 入門コンテンツのインポート] INFO  o.e.m.c.i.e.AbstractTransferListenerAdapter - Downloaded https://repo.maven.apache.org/maven2/org/springframework/boot/spring-boot-test-autoconfigure/2.3.3.RELEASE/spring-boot-test-autoconfigure-2.3.3.RELEASE.pom
2020-08-14 14:39:38,883 [Worker-4: 入門コンテンツのインポート] INFO  o.e.m.c.i.e.AbstractTransferListenerAdapter - https://repo.maven.apache.org/maven2/net/bytebuddy/byte-buddy/1.10.14/byte-buddy-1.10.14.pom のダウンロード中
2020-08-14 14:39:39,008 [Worker-4: 入門コンテンツのインポート] INFO  o.e.m.c.i.e.AbstractTransferListenerAdapter - Downloaded https://repo.maven.apache.org/maven2/net/bytebuddy/byte-buddy/1.10.14/byte-buddy-1.10.14.pom
2020-08-14 14:39:39,121 [Worker-4: 入門コンテンツのインポート] INFO  o.e.m.c.i.e.AbstractTransferListenerAdapter - https://repo.maven.apache.org/maven2/net/bytebuddy/byte-buddy-parent/1.10.14/byte-buddy-parent-1.10.14.pom のダウンロード中
2020-08-14 14:39:39,306 [Worker-4: 入門コンテンツのインポート] INFO  o.e.m.c.i.e.AbstractTransferListenerAdapter - Downloaded https://repo.maven.apache.org/maven2/net/bytebuddy/byte-buddy-parent/1.10.14/byte-buddy-parent-1.10.14.pom
2020-08-14 14:39:39,430 [Worker-4: 入門コンテンツのインポート] INFO  o.e.m.c.i.e.AbstractTransferListenerAdapter - https://repo.maven.apache.org/maven2/net/bytebuddy/byte-buddy-agent/1.10.14/byte-buddy-agent-1.10.14.pom のダウンロード中
2020-08-14 14:39:39,552 [Worker-4: 入門コンテンツのインポート] INFO  o.e.m.c.i.e.AbstractTransferListenerAdapter - Downloaded https://repo.maven.apache.org/maven2/net/bytebuddy/byte-buddy-agent/1.10.14/byte-buddy-agent-1.10.14.pom
2020-08-14 14:39:39,706 [AetherRepositoryConnector-repo.maven.apache.org-0-0] INFO  o.e.m.c.i.e.AbstractTransferListenerAdapter - https://repo.maven.apache.org/maven2/org/springframework/boot/spring-boot-starter-thymeleaf/2.3.3.RELEASE/spring-boot-starter-thymeleaf-2.3.3.RELEASE.jar のダウンロード中
2020-08-14 14:39:39,820 [AetherRepositoryConnector-repo.maven.apache.org-0-1] INFO  o.e.m.c.i.e.AbstractTransferListenerAdapter - https://repo.maven.apache.org/maven2/org/springframework/boot/spring-boot-starter/2.3.3.RELEASE/spring-boot-starter-2.3.3.RELEASE.jar のダウンロード中
2020-08-14 14:39:39,820 [AetherRepositoryConnector-repo.maven.apache.org-0-4] INFO  o.e.m.c.i.e.AbstractTransferListenerAdapter - https://repo.maven.apache.org/maven2/org/springframework/boot/spring-boot-starter-web/2.3.3.RELEASE/spring-boot-starter-web-2.3.3.RELEASE.jar のダウンロード中
2020-08-14 14:39:39,820 [AetherRepositoryConnector-repo.maven.apache.org-0-2] INFO  o.e.m.c.i.e.AbstractTransferListenerAdapter - https://repo.maven.apache.org/maven2/org/springframework/boot/spring-boot-starter-logging/2.3.3.RELEASE/spring-boot-starter-logging-2.3.3.RELEASE.jar のダウンロード中
2020-08-14 14:39:39,823 [AetherRepositoryConnector-repo.maven.apache.org-0-3] INFO  o.e.m.c.i.e.AbstractTransferListenerAdapter - https://repo.maven.apache.org/maven2/org/springframework/boot/spring-boot-starter-validation/2.3.3.RELEASE/spring-boot-starter-validation-2.3.3.RELEASE.jar のダウンロード中
2020-08-14 14:39:39,947 [AetherRepositoryConnector-repo.maven.apache.org-0-0] INFO  o.e.m.c.i.e.AbstractTransferListenerAdapter - Downloaded https://repo.maven.apache.org/maven2/org/springframework/boot/spring-boot-starter-thymeleaf/2.3.3.RELEASE/spring-boot-starter-thymeleaf-2.3.3.RELEASE.jar
2020-08-14 14:39:39,950 [AetherRepositoryConnector-repo.maven.apache.org-0-1] INFO  o.e.m.c.i.e.AbstractTransferListenerAdapter - Downloaded https://repo.maven.apache.org/maven2/org/springframework/boot/spring-boot-starter/2.3.3.RELEASE/spring-boot-starter-2.3.3.RELEASE.jar
2020-08-14 14:39:39,952 [AetherRepositoryConnector-repo.maven.apache.org-0-2] INFO  o.e.m.c.i.e.AbstractTransferListenerAdapter - Downloaded https://repo.maven.apache.org/maven2/org/springframework/boot/spring-boot-starter-logging/2.3.3.RELEASE/spring-boot-starter-logging-2.3.3.RELEASE.jar
2020-08-14 14:39:39,952 [AetherRepositoryConnector-repo.maven.apache.org-0-4] INFO  o.e.m.c.i.e.AbstractTransferListenerAdapter - Downloaded https://repo.maven.apache.org/maven2/org/springframework/boot/spring-boot-starter-web/2.3.3.RELEASE/spring-boot-starter-web-2.3.3.RELEASE.jar
2020-08-14 14:39:40,052 [AetherRepositoryConnector-repo.maven.apache.org-0-3] INFO  o.e.m.c.i.e.AbstractTransferListenerAdapter - Downloaded https://repo.maven.apache.org/maven2/org/springframework/boot/spring-boot-starter-validation/2.3.3.RELEASE/spring-boot-starter-validation-2.3.3.RELEASE.jar
2020-08-14 14:39:40,058 [AetherRepositoryConnector-repo.maven.apache.org-0-0] INFO  o.e.m.c.i.e.AbstractTransferListenerAdapter - https://repo.maven.apache.org/maven2/org/springframework/boot/spring-boot-starter-json/2.3.3.RELEASE/spring-boot-starter-json-2.3.3.RELEASE.jar のダウンロード中
2020-08-14 14:39:40,162 [AetherRepositoryConnector-repo.maven.apache.org-0-2] INFO  o.e.m.c.i.e.AbstractTransferListenerAdapter - https://repo.maven.apache.org/maven2/com/fasterxml/jackson/core/jackson-annotations/2.11.2/jackson-annotations-2.11.2.jar のダウンロード中
2020-08-14 14:39:40,162 [AetherRepositoryConnector-repo.maven.apache.org-0-4] INFO  o.e.m.c.i.e.AbstractTransferListenerAdapter - https://repo.maven.apache.org/maven2/com/fasterxml/jackson/core/jackson-core/2.11.2/jackson-core-2.11.2.jar のダウンロード中
2020-08-14 14:39:40,272 [AetherRepositoryConnector-repo.maven.apache.org-0-1] INFO  o.e.m.c.i.e.AbstractTransferListenerAdapter - https://repo.maven.apache.org/maven2/com/fasterxml/jackson/core/jackson-databind/2.11.2/jackson-databind-2.11.2.jar のダウンロード中
2020-08-14 14:39:40,272 [AetherRepositoryConnector-repo.maven.apache.org-0-3] INFO  o.e.m.c.i.e.AbstractTransferListenerAdapter - https://repo.maven.apache.org/maven2/com/fasterxml/jackson/datatype/jackson-datatype-jdk8/2.11.2/jackson-datatype-jdk8-2.11.2.jar のダウンロード中
2020-08-14 14:39:40,312 [AetherRepositoryConnector-repo.maven.apache.org-0-0] INFO  o.e.m.c.i.e.AbstractTransferListenerAdapter - Downloaded https://repo.maven.apache.org/maven2/org/springframework/boot/spring-boot-starter-json/2.3.3.RELEASE/spring-boot-starter-json-2.3.3.RELEASE.jar
2020-08-14 14:39:40,462 [AetherRepositoryConnector-repo.maven.apache.org-0-0] INFO  o.e.m.c.i.e.AbstractTransferListenerAdapter - https://repo.maven.apache.org/maven2/com/fasterxml/jackson/datatype/jackson-datatype-jsr310/2.11.2/jackson-datatype-jsr310-2.11.2.jar のダウンロード中
2020-08-14 14:39:40,753 [AetherRepositoryConnector-repo.maven.apache.org-0-3] INFO  o.e.m.c.i.e.AbstractTransferListenerAdapter - Downloaded https://repo.maven.apache.org/maven2/com/fasterxml/jackson/datatype/jackson-datatype-jdk8/2.11.2/jackson-datatype-jdk8-2.11.2.jar
2020-08-14 14:39:40,828 [AetherRepositoryConnector-repo.maven.apache.org-0-2] INFO  o.e.m.c.i.e.AbstractTransferListenerAdapter - Downloaded https://repo.maven.apache.org/maven2/com/fasterxml/jackson/core/jackson-annotations/2.11.2/jackson-annotations-2.11.2.jar
2020-08-14 14:39:40,885 [AetherRepositoryConnector-repo.maven.apache.org-0-3] INFO  o.e.m.c.i.e.AbstractTransferListenerAdapter - https://repo.maven.apache.org/maven2/com/fasterxml/jackson/module/jackson-module-parameter-names/2.11.2/jackson-module-parameter-names-2.11.2.jar のダウンロード中
2020-08-14 14:39:41,066 [AetherRepositoryConnector-repo.maven.apache.org-0-2] INFO  o.e.m.c.i.e.AbstractTransferListenerAdapter - https://repo.maven.apache.org/maven2/org/springframework/boot/spring-boot-starter-tomcat/2.3.3.RELEASE/spring-boot-starter-tomcat-2.3.3.RELEASE.jar のダウンロード中
2020-08-14 14:39:41,280 [AetherRepositoryConnector-repo.maven.apache.org-0-3] INFO  o.e.m.c.i.e.AbstractTransferListenerAdapter - Downloaded https://repo.maven.apache.org/maven2/com/fasterxml/jackson/module/jackson-module-parameter-names/2.11.2/jackson-module-parameter-names-2.11.2.jar
2020-08-14 14:39:41,552 [AetherRepositoryConnector-repo.maven.apache.org-0-3] INFO  o.e.m.c.i.e.AbstractTransferListenerAdapter - https://repo.maven.apache.org/maven2/org/springframework/boot/spring-boot-devtools/2.3.3.RELEASE/spring-boot-devtools-2.3.3.RELEASE.jar のダウンロード中
2020-08-14 14:39:41,553 [AetherRepositoryConnector-repo.maven.apache.org-0-0] INFO  o.e.m.c.i.e.AbstractTransferListenerAdapter - Downloaded https://repo.maven.apache.org/maven2/com/fasterxml/jackson/datatype/jackson-datatype-jsr310/2.11.2/jackson-datatype-jsr310-2.11.2.jar
2020-08-14 14:39:41,553 [AetherRepositoryConnector-repo.maven.apache.org-0-2] INFO  o.e.m.c.i.e.AbstractTransferListenerAdapter - Downloaded https://repo.maven.apache.org/maven2/org/springframework/boot/spring-boot-starter-tomcat/2.3.3.RELEASE/spring-boot-starter-tomcat-2.3.3.RELEASE.jar
2020-08-14 14:39:41,839 [AetherRepositoryConnector-repo.maven.apache.org-0-2] INFO  o.e.m.c.i.e.AbstractTransferListenerAdapter - https://repo.maven.apache.org/maven2/org/springframework/boot/spring-boot/2.3.3.RELEASE/spring-boot-2.3.3.RELEASE.jar のダウンロード中
2020-08-14 14:39:41,840 [AetherRepositoryConnector-repo.maven.apache.org-0-0] INFO  o.e.m.c.i.e.AbstractTransferListenerAdapter - https://repo.maven.apache.org/maven2/org/springframework/boot/spring-boot-autoconfigure/2.3.3.RELEASE/spring-boot-autoconfigure-2.3.3.RELEASE.jar のダウンロード中
2020-08-14 14:39:43,053 [AetherRepositoryConnector-repo.maven.apache.org-0-4] INFO  o.e.m.c.i.e.AbstractTransferListenerAdapter - Downloaded https://repo.maven.apache.org/maven2/com/fasterxml/jackson/core/jackson-core/2.11.2/jackson-core-2.11.2.jar
2020-08-14 14:39:43,450 [AetherRepositoryConnector-repo.maven.apache.org-0-4] INFO  o.e.m.c.i.e.AbstractTransferListenerAdapter - https://repo.maven.apache.org/maven2/org/springframework/boot/spring-boot-starter-test/2.3.3.RELEASE/spring-boot-starter-test-2.3.3.RELEASE.jar のダウンロード中
2020-08-14 14:39:43,475 [AetherRepositoryConnector-repo.maven.apache.org-0-3] INFO  o.e.m.c.i.e.AbstractTransferListenerAdapter - Downloaded https://repo.maven.apache.org/maven2/org/springframework/boot/spring-boot-devtools/2.3.3.RELEASE/spring-boot-devtools-2.3.3.RELEASE.jar
2020-08-14 14:39:43,854 [AetherRepositoryConnector-repo.maven.apache.org-0-3] INFO  o.e.m.c.i.e.AbstractTransferListenerAdapter - https://repo.maven.apache.org/maven2/org/springframework/boot/spring-boot-test/2.3.3.RELEASE/spring-boot-test-2.3.3.RELEASE.jar のダウンロード中
2020-08-14 14:39:43,874 [AetherRepositoryConnector-repo.maven.apache.org-0-4] INFO  o.e.m.c.i.e.AbstractTransferListenerAdapter - Downloaded https://repo.maven.apache.org/maven2/org/springframework/boot/spring-boot-starter-test/2.3.3.RELEASE/spring-boot-starter-test-2.3.3.RELEASE.jar
2020-08-14 14:39:44,234 [AetherRepositoryConnector-repo.maven.apache.org-0-4] INFO  o.e.m.c.i.e.AbstractTransferListenerAdapter - https://repo.maven.apache.org/maven2/org/springframework/boot/spring-boot-test-autoconfigure/2.3.3.RELEASE/spring-boot-test-autoconfigure-2.3.3.RELEASE.jar のダウンロード中
2020-08-14 14:39:45,518 [AetherRepositoryConnector-repo.maven.apache.org-0-3] INFO  o.e.m.c.i.e.AbstractTransferListenerAdapter - Downloaded https://repo.maven.apache.org/maven2/org/springframework/boot/spring-boot-test/2.3.3.RELEASE/spring-boot-test-2.3.3.RELEASE.jar
2020-08-14 14:39:45,616 [AetherRepositoryConnector-repo.maven.apache.org-0-4] INFO  o.e.m.c.i.e.AbstractTransferListenerAdapter - Downloaded https://repo.maven.apache.org/maven2/org/springframework/boot/spring-boot-test-autoconfigure/2.3.3.RELEASE/spring-boot-test-autoconfigure-2.3.3.RELEASE.jar
2020-08-14 14:39:45,817 [AetherRepositoryConnector-repo.maven.apache.org-0-3] INFO  o.e.m.c.i.e.AbstractTransferListenerAdapter - https://repo.maven.apache.org/maven2/net/bytebuddy/byte-buddy/1.10.14/byte-buddy-1.10.14.jar のダウンロード中
2020-08-14 14:39:45,890 [AetherRepositoryConnector-repo.maven.apache.org-0-4] INFO  o.e.m.c.i.e.AbstractTransferListenerAdapter - https://repo.maven.apache.org/maven2/net/bytebuddy/byte-buddy-agent/1.10.14/byte-buddy-agent-1.10.14.jar のダウンロード中
2020-08-14 14:39:47,127 [AetherRepositoryConnector-repo.maven.apache.org-0-4] INFO  o.e.m.c.i.e.AbstractTransferListenerAdapter - Downloaded https://repo.maven.apache.org/maven2/net/bytebuddy/byte-buddy-agent/1.10.14/byte-buddy-agent-1.10.14.jar
2020-08-14 14:39:47,435 [AetherRepositoryConnector-repo.maven.apache.org-0-2] INFO  o.e.m.c.i.e.AbstractTransferListenerAdapter - Downloaded https://repo.maven.apache.org/maven2/org/springframework/boot/spring-boot/2.3.3.RELEASE/spring-boot-2.3.3.RELEASE.jar
2020-08-14 14:39:47,564 [AetherRepositoryConnector-repo.maven.apache.org-0-1] INFO  o.e.m.c.i.e.AbstractTransferListenerAdapter - Downloaded https://repo.maven.apache.org/maven2/com/fasterxml/jackson/core/jackson-databind/2.11.2/jackson-databind-2.11.2.jar
2020-08-14 14:39:47,875 [AetherRepositoryConnector-repo.maven.apache.org-0-0] INFO  o.e.m.c.i.e.AbstractTransferListenerAdapter - Downloaded https://repo.maven.apache.org/maven2/org/springframework/boot/spring-boot-autoconfigure/2.3.3.RELEASE/spring-boot-autoconfigure-2.3.3.RELEASE.jar
2020-08-14 14:39:48,987 [AetherRepositoryConnector-repo.maven.apache.org-0-3] INFO  o.e.m.c.i.e.AbstractTransferListenerAdapter - Downloaded https://repo.maven.apache.org/maven2/net/bytebuddy/byte-buddy/1.10.14/byte-buddy-1.10.14.jar
2020-08-14 14:39:49,861 [Worker-4: 入門コンテンツのインポート] INFO  o.e.m.j.i.AbstractJavaProjectConfigurator - Adding source folder /boot-mvc-e2/src/main/java
2020-08-14 14:39:49,861 [Worker-4: 入門コンテンツのインポート] INFO  o.e.m.j.i.AbstractJavaProjectConfigurator - Adding resource folder /boot-mvc-e2/src/main/resources
2020-08-14 14:39:49,865 [Worker-4: 入門コンテンツのインポート] INFO  o.e.m.j.i.AbstractJavaProjectConfigurator - Adding resource folder /boot-mvc-e2/src/main/resources
2020-08-14 14:39:49,870 [Worker-4: 入門コンテンツのインポート] INFO  o.e.m.j.i.AbstractJavaProjectConfigurator - Adding source folder /boot-mvc-e2/src/test/java
2020-08-14 14:39:50,235 [Worker-4: 入門コンテンツのインポート] INFO  o.e.m.c.i.p.ProjectConfigurationManager - Imported and configured 1 project(s) in 26 sec
2020-08-14 14:39:50,238 [Worker-4: 入門コンテンツのインポート] INFO  o.e.m.c.i.p.ProjectConfigurationManager - Update started
2020-08-14 14:39:50,533 [Worker-4: 入門コンテンツのインポート] INFO  o.e.m.c.i.l.LifecycleMappingFactory - Using org.eclipse.m2e.jdt.JarLifecycleMapping lifecycle mapping for MavenProject: com.example:boot-mvc-e2:0.0.1-SNAPSHOT @ /Users/masahiro/Desktop/java-spring/spring-study2/boot-mvc-e2/pom.xml.
2020-08-14 14:39:50,764 [Worker-4: 入門コンテンツのインポート] INFO  o.e.m.j.i.AbstractJavaProjectConfigurator - Adding source folder /boot-mvc-e2/src/main/java
2020-08-14 14:39:50,764 [Worker-4: 入門コンテンツのインポート] INFO  o.e.m.j.i.AbstractJavaProjectConfigurator - Adding resource folder /boot-mvc-e2/src/main/resources
2020-08-14 14:39:50,764 [Worker-4: 入門コンテンツのインポート] INFO  o.e.m.j.i.AbstractJavaProjectConfigurator - Adding resource folder /boot-mvc-e2/src/main/resources
2020-08-14 14:39:50,765 [Worker-4: 入門コンテンツのインポート] INFO  o.e.m.j.i.AbstractJavaProjectConfigurator - Adding source folder /boot-mvc-e2/src/test/java
2020-08-14 14:39:51,222 [Worker-2: ソースおよび Javadoc のダウンロード] INFO  o.e.m.c.i.e.AbstractTransferListenerAdapter - https://repo.maven.apache.org/maven2/org/springframework/boot/spring-boot-starter-thymeleaf/2.3.3.RELEASE/spring-boot-starter-thymeleaf-2.3.3.RELEASE-sources.jar のダウンロード中
2020-08-14 14:39:51,420 [Worker-4: 入門コンテンツのインポート] INFO  o.e.m.c.i.p.ProjectConfigurationManager - Update completed: 1 sec
2020-08-14 14:39:51,457 [Worker-2: ソースおよび Javadoc のダウンロード] INFO  o.e.m.c.i.e.AbstractTransferListenerAdapter - Downloaded https://repo.maven.apache.org/maven2/org/springframework/boot/spring-boot-starter-thymeleaf/2.3.3.RELEASE/spring-boot-starter-thymeleaf-2.3.3.RELEASE-sources.jar
2020-08-14 14:39:51,468 [Worker-2: ソースおよび Javadoc のダウンロード] INFO  o.e.m.j.internal.DownloadSourcesJob - Downloaded sources for org.springframework.boot:spring-boot-starter-thymeleaf:2.3.3.RELEASE
2020-08-14 14:39:51,772 [Worker-9: ビルド] INFO  o.e.m.c.i.embedder.EclipseLogger - Using 'UTF-8' encoding to copy filtered resources.
2020-08-14 14:39:51,775 [Worker-9: ビルド] INFO  o.e.m.c.i.embedder.EclipseLogger - Copying 1 resource
2020-08-14 14:39:51,782 [Worker-9: ビルド] INFO  o.e.m.c.i.embedder.EclipseLogger - Copying 0 resource
2020-08-14 14:39:51,784 [Worker-9: ビルド] INFO  o.e.m.c.i.embedder.EclipseLogger - Using 'UTF-8' encoding to copy filtered resources.
2020-08-14 14:39:51,784 [Worker-9: ビルド] INFO  o.e.m.c.i.embedder.EclipseLogger - skip non existing resourceDirectory /Users/masahiro/Desktop/java-spring/spring-study2/boot-mvc-e2/src/test/resources
2020-08-14 14:39:52,069 [Worker-2: ソースおよび Javadoc のダウンロード] INFO  o.e.m.c.i.e.AbstractTransferListenerAdapter - https://repo.maven.apache.org/maven2/org/springframework/boot/spring-boot-starter/2.3.3.RELEASE/spring-boot-starter-2.3.3.RELEASE-sources.jar のダウンロード中
2020-08-14 14:39:52,308 [Worker-2: ソースおよび Javadoc のダウンロード] INFO  o.e.m.c.i.e.AbstractTransferListenerAdapter - Downloaded https://repo.maven.apache.org/maven2/org/springframework/boot/spring-boot-starter/2.3.3.RELEASE/spring-boot-starter-2.3.3.RELEASE-sources.jar
2020-08-14 14:39:52,331 [Worker-2: ソースおよび Javadoc のダウンロード] INFO  o.e.m.j.internal.DownloadSourcesJob - Downloaded sources for org.springframework.boot:spring-boot-starter:2.3.3.RELEASE
2020-08-14 14:39:52,766 [Worker-2: ソースおよび Javadoc のダウンロード] INFO  o.e.m.c.i.e.AbstractTransferListenerAdapter - https://repo.maven.apache.org/maven2/org/springframework/boot/spring-boot-starter-logging/2.3.3.RELEASE/spring-boot-starter-logging-2.3.3.RELEASE-sources.jar のダウンロード中
2020-08-14 14:39:53,005 [Worker-2: ソースおよび Javadoc のダウンロード] INFO  o.e.m.c.i.e.AbstractTransferListenerAdapter - Downloaded https://repo.maven.apache.org/maven2/org/springframework/boot/spring-boot-starter-logging/2.3.3.RELEASE/spring-boot-starter-logging-2.3.3.RELEASE-sources.jar
2020-08-14 14:39:53,017 [Worker-2: ソースおよび Javadoc のダウンロード] INFO  o.e.m.j.internal.DownloadSourcesJob - Downloaded sources for org.springframework.boot:spring-boot-starter-logging:2.3.3.RELEASE
2020-08-14 14:39:53,456 [Worker-2: ソースおよび Javadoc のダウンロード] INFO  o.e.m.c.i.e.AbstractTransferListenerAdapter - https://repo.maven.apache.org/maven2/org/springframework/boot/spring-boot-starter-validation/2.3.3.RELEASE/spring-boot-starter-validation-2.3.3.RELEASE-sources.jar のダウンロード中
2020-08-14 14:39:53,681 [Worker-2: ソースおよび Javadoc のダウンロード] INFO  o.e.m.c.i.e.AbstractTransferListenerAdapter - Downloaded https://repo.maven.apache.org/maven2/org/springframework/boot/spring-boot-starter-validation/2.3.3.RELEASE/spring-boot-starter-validation-2.3.3.RELEASE-sources.jar
2020-08-14 14:39:53,692 [Worker-2: ソースおよび Javadoc のダウンロード] INFO  o.e.m.j.internal.DownloadSourcesJob - Downloaded sources for org.springframework.boot:spring-boot-starter-validation:2.3.3.RELEASE
2020-08-14 14:39:54,165 [Worker-2: ソースおよび Javadoc のダウンロード] INFO  o.e.m.c.i.e.AbstractTransferListenerAdapter - https://repo.maven.apache.org/maven2/org/springframework/boot/spring-boot-starter-web/2.3.3.RELEASE/spring-boot-starter-web-2.3.3.RELEASE-sources.jar のダウンロード中
2020-08-14 14:39:54,414 [Worker-2: ソースおよび Javadoc のダウンロード] INFO  o.e.m.c.i.e.AbstractTransferListenerAdapter - Downloaded https://repo.maven.apache.org/maven2/org/springframework/boot/spring-boot-starter-web/2.3.3.RELEASE/spring-boot-starter-web-2.3.3.RELEASE-sources.jar
2020-08-14 14:39:54,424 [Worker-2: ソースおよび Javadoc のダウンロード] INFO  o.e.m.j.internal.DownloadSourcesJob - Downloaded sources for org.springframework.boot:spring-boot-starter-web:2.3.3.RELEASE
2020-08-14 14:39:54,869 [Worker-2: ソースおよび Javadoc のダウンロード] INFO  o.e.m.c.i.e.AbstractTransferListenerAdapter - https://repo.maven.apache.org/maven2/org/springframework/boot/spring-boot-starter-json/2.3.3.RELEASE/spring-boot-starter-json-2.3.3.RELEASE-sources.jar のダウンロード中
2020-08-14 14:39:55,114 [Worker-2: ソースおよび Javadoc のダウンロード] INFO  o.e.m.c.i.e.AbstractTransferListenerAdapter - Downloaded https://repo.maven.apache.org/maven2/org/springframework/boot/spring-boot-starter-json/2.3.3.RELEASE/spring-boot-starter-json-2.3.3.RELEASE-sources.jar
2020-08-14 14:39:55,125 [Worker-2: ソースおよび Javadoc のダウンロード] INFO  o.e.m.j.internal.DownloadSourcesJob - Downloaded sources for org.springframework.boot:spring-boot-starter-json:2.3.3.RELEASE
2020-08-14 14:39:55,612 [Worker-2: ソースおよび Javadoc のダウンロード] INFO  o.e.m.c.i.e.AbstractTransferListenerAdapter - https://repo.maven.apache.org/maven2/com/fasterxml/jackson/core/jackson-databind/2.11.2/jackson-databind-2.11.2-sources.jar のダウンロード中
2020-08-14 14:39:56,493 [Worker-2: ソースおよび Javadoc のダウンロード] INFO  o.e.m.c.i.e.AbstractTransferListenerAdapter - Downloaded https://repo.maven.apache.org/maven2/com/fasterxml/jackson/core/jackson-databind/2.11.2/jackson-databind-2.11.2-sources.jar
2020-08-14 14:39:56,505 [Worker-2: ソースおよび Javadoc のダウンロード] INFO  o.e.m.j.internal.DownloadSourcesJob - Downloaded sources for com.fasterxml.jackson.core:jackson-databind:2.11.2
2020-08-14 14:39:56,981 [Worker-2: ソースおよび Javadoc のダウンロード] INFO  o.e.m.c.i.e.AbstractTransferListenerAdapter - https://repo.maven.apache.org/maven2/com/fasterxml/jackson/core/jackson-annotations/2.11.2/jackson-annotations-2.11.2-sources.jar のダウンロード中
2020-08-14 14:39:57,365 [Worker-2: ソースおよび Javadoc のダウンロード] INFO  o.e.m.c.i.e.AbstractTransferListenerAdapter - Downloaded https://repo.maven.apache.org/maven2/com/fasterxml/jackson/core/jackson-annotations/2.11.2/jackson-annotations-2.11.2-sources.jar
2020-08-14 14:39:57,376 [Worker-2: ソースおよび Javadoc のダウンロード] INFO  o.e.m.j.internal.DownloadSourcesJob - Downloaded sources for com.fasterxml.jackson.core:jackson-annotations:2.11.2
2020-08-14 14:39:57,828 [Worker-2: ソースおよび Javadoc のダウンロード] INFO  o.e.m.c.i.e.AbstractTransferListenerAdapter - https://repo.maven.apache.org/maven2/com/fasterxml/jackson/core/jackson-core/2.11.2/jackson-core-2.11.2-sources.jar のダウンロード中
2020-08-14 14:39:58,455 [Worker-2: ソースおよび Javadoc のダウンロード] INFO  o.e.m.c.i.e.AbstractTransferListenerAdapter - Downloaded https://repo.maven.apache.org/maven2/com/fasterxml/jackson/core/jackson-core/2.11.2/jackson-core-2.11.2-sources.jar
2020-08-14 14:39:58,468 [Worker-2: ソースおよび Javadoc のダウンロード] INFO  o.e.m.j.internal.DownloadSourcesJob - Downloaded sources for com.fasterxml.jackson.core:jackson-core:2.11.2
2020-08-14 14:39:58,955 [Worker-2: ソースおよび Javadoc のダウンロード] INFO  o.e.m.c.i.e.AbstractTransferListenerAdapter - https://repo.maven.apache.org/maven2/com/fasterxml/jackson/datatype/jackson-datatype-jdk8/2.11.2/jackson-datatype-jdk8-2.11.2-sources.jar のダウンロード中
2020-08-14 14:39:59,200 [Worker-2: ソースおよび Javadoc のダウンロード] INFO  o.e.m.c.i.e.AbstractTransferListenerAdapter - Downloaded https://repo.maven.apache.org/maven2/com/fasterxml/jackson/datatype/jackson-datatype-jdk8/2.11.2/jackson-datatype-jdk8-2.11.2-sources.jar
2020-08-14 14:39:59,210 [Worker-2: ソースおよび Javadoc のダウンロード] INFO  o.e.m.j.internal.DownloadSourcesJob - Downloaded sources for com.fasterxml.jackson.datatype:jackson-datatype-jdk8:2.11.2
2020-08-14 14:39:59,701 [Worker-2: ソースおよび Javadoc のダウンロード] INFO  o.e.m.c.i.e.AbstractTransferListenerAdapter - https://repo.maven.apache.org/maven2/com/fasterxml/jackson/datatype/jackson-datatype-jsr310/2.11.2/jackson-datatype-jsr310-2.11.2-sources.jar のダウンロード中
2020-08-14 14:40:00,121 [Worker-2: ソースおよび Javadoc のダウンロード] INFO  o.e.m.c.i.e.AbstractTransferListenerAdapter - Downloaded https://repo.maven.apache.org/maven2/com/fasterxml/jackson/datatype/jackson-datatype-jsr310/2.11.2/jackson-datatype-jsr310-2.11.2-sources.jar
2020-08-14 14:40:00,144 [Worker-2: ソースおよび Javadoc のダウンロード] INFO  o.e.m.j.internal.DownloadSourcesJob - Downloaded sources for com.fasterxml.jackson.datatype:jackson-datatype-jsr310:2.11.2
2020-08-14 14:40:00,627 [Worker-2: ソースおよび Javadoc のダウンロード] INFO  o.e.m.c.i.e.AbstractTransferListenerAdapter - https://repo.maven.apache.org/maven2/com/fasterxml/jackson/module/jackson-module-parameter-names/2.11.2/jackson-module-parameter-names-2.11.2-sources.jar のダウンロード中
2020-08-14 14:40:00,881 [Worker-2: ソースおよび Javadoc のダウンロード] INFO  o.e.m.c.i.e.AbstractTransferListenerAdapter - Downloaded https://repo.maven.apache.org/maven2/com/fasterxml/jackson/module/jackson-module-parameter-names/2.11.2/jackson-module-parameter-names-2.11.2-sources.jar
2020-08-14 14:40:00,891 [Worker-2: ソースおよび Javadoc のダウンロード] INFO  o.e.m.j.internal.DownloadSourcesJob - Downloaded sources for com.fasterxml.jackson.module:jackson-module-parameter-names:2.11.2
2020-08-14 14:40:01,352 [Worker-2: ソースおよび Javadoc のダウンロード] INFO  o.e.m.c.i.e.AbstractTransferListenerAdapter - https://repo.maven.apache.org/maven2/org/springframework/boot/spring-boot-starter-tomcat/2.3.3.RELEASE/spring-boot-starter-tomcat-2.3.3.RELEASE-sources.jar のダウンロード中
2020-08-14 14:40:01,651 [Worker-2: ソースおよび Javadoc のダウンロード] INFO  o.e.m.c.i.e.AbstractTransferListenerAdapter - Downloaded https://repo.maven.apache.org/maven2/org/springframework/boot/spring-boot-starter-tomcat/2.3.3.RELEASE/spring-boot-starter-tomcat-2.3.3.RELEASE-sources.jar
2020-08-14 14:40:01,662 [Worker-2: ソースおよび Javadoc のダウンロード] INFO  o.e.m.j.internal.DownloadSourcesJob - Downloaded sources for org.springframework.boot:spring-boot-starter-tomcat:2.3.3.RELEASE
2020-08-14 14:40:02,247 [Worker-2: ソースおよび Javadoc のダウンロード] INFO  o.e.m.c.i.e.AbstractTransferListenerAdapter - https://repo.maven.apache.org/maven2/org/springframework/boot/spring-boot-devtools/2.3.3.RELEASE/spring-boot-devtools-2.3.3.RELEASE-sources.jar のダウンロード中
2020-08-14 14:40:02,740 [Worker-2: ソースおよび Javadoc のダウンロード] INFO  o.e.m.c.i.e.AbstractTransferListenerAdapter - Downloaded https://repo.maven.apache.org/maven2/org/springframework/boot/spring-boot-devtools/2.3.3.RELEASE/spring-boot-devtools-2.3.3.RELEASE-sources.jar
2020-08-14 14:40:02,753 [Worker-2: ソースおよび Javadoc のダウンロード] INFO  o.e.m.j.internal.DownloadSourcesJob - Downloaded sources for org.springframework.boot:spring-boot-devtools:2.3.3.RELEASE
2020-08-14 14:40:03,217 [Worker-2: ソースおよび Javadoc のダウンロード] INFO  o.e.m.c.i.e.AbstractTransferListenerAdapter - https://repo.maven.apache.org/maven2/org/springframework/boot/spring-boot/2.3.3.RELEASE/spring-boot-2.3.3.RELEASE-sources.jar のダウンロード中
2020-08-14 14:40:04,074 [Worker-2: ソースおよび Javadoc のダウンロード] INFO  o.e.m.c.i.e.AbstractTransferListenerAdapter - Downloaded https://repo.maven.apache.org/maven2/org/springframework/boot/spring-boot/2.3.3.RELEASE/spring-boot-2.3.3.RELEASE-sources.jar
2020-08-14 14:40:04,085 [Worker-2: ソースおよび Javadoc のダウンロード] INFO  o.e.m.j.internal.DownloadSourcesJob - Downloaded sources for org.springframework.boot:spring-boot:2.3.3.RELEASE
2020-08-14 14:40:04,527 [Worker-2: ソースおよび Javadoc のダウンロード] INFO  o.e.m.c.i.e.AbstractTransferListenerAdapter - https://repo.maven.apache.org/maven2/org/springframework/boot/spring-boot-autoconfigure/2.3.3.RELEASE/spring-boot-autoconfigure-2.3.3.RELEASE-sources.jar のダウンロード中
2020-08-14 14:40:06,268 [Worker-2: ソースおよび Javadoc のダウンロード] INFO  o.e.m.c.i.e.AbstractTransferListenerAdapter - Downloaded https://repo.maven.apache.org/maven2/org/springframework/boot/spring-boot-autoconfigure/2.3.3.RELEASE/spring-boot-autoconfigure-2.3.3.RELEASE-sources.jar
2020-08-14 14:40:06,276 [Worker-2: ソースおよび Javadoc のダウンロード] INFO  o.e.m.j.internal.DownloadSourcesJob - Downloaded sources for org.springframework.boot:spring-boot-autoconfigure:2.3.3.RELEASE
2020-08-14 14:40:06,725 [Worker-2: ソースおよび Javadoc のダウンロード] INFO  o.e.m.c.i.e.AbstractTransferListenerAdapter - https://repo.maven.apache.org/maven2/org/springframework/boot/spring-boot-starter-test/2.3.3.RELEASE/spring-boot-starter-test-2.3.3.RELEASE-sources.jar のダウンロード中
2020-08-14 14:40:06,967 [Worker-2: ソースおよび Javadoc のダウンロード] INFO  o.e.m.c.i.e.AbstractTransferListenerAdapter - Downloaded https://repo.maven.apache.org/maven2/org/springframework/boot/spring-boot-starter-test/2.3.3.RELEASE/spring-boot-starter-test-2.3.3.RELEASE-sources.jar
2020-08-14 14:40:06,978 [Worker-2: ソースおよび Javadoc のダウンロード] INFO  o.e.m.j.internal.DownloadSourcesJob - Downloaded sources for org.springframework.boot:spring-boot-starter-test:2.3.3.RELEASE
2020-08-14 14:40:07,425 [Worker-2: ソースおよび Javadoc のダウンロード] INFO  o.e.m.c.i.e.AbstractTransferListenerAdapter - https://repo.maven.apache.org/maven2/org/springframework/boot/spring-boot-test/2.3.3.RELEASE/spring-boot-test-2.3.3.RELEASE-sources.jar のダウンロード中
2020-08-14 14:40:07,838 [Worker-2: ソースおよび Javadoc のダウンロード] INFO  o.e.m.c.i.e.AbstractTransferListenerAdapter - Downloaded https://repo.maven.apache.org/maven2/org/springframework/boot/spring-boot-test/2.3.3.RELEASE/spring-boot-test-2.3.3.RELEASE-sources.jar
2020-08-14 14:40:07,850 [Worker-2: ソースおよび Javadoc のダウンロード] INFO  o.e.m.j.internal.DownloadSourcesJob - Downloaded sources for org.springframework.boot:spring-boot-test:2.3.3.RELEASE
2020-08-14 14:40:08,289 [Worker-2: ソースおよび Javadoc のダウンロード] INFO  o.e.m.c.i.e.AbstractTransferListenerAdapter - https://repo.maven.apache.org/maven2/org/springframework/boot/spring-boot-test-autoconfigure/2.3.3.RELEASE/spring-boot-test-autoconfigure-2.3.3.RELEASE-sources.jar のダウンロード中
2020-08-14 14:40:08,792 [Worker-2: ソースおよび Javadoc のダウンロード] INFO  o.e.m.c.i.e.AbstractTransferListenerAdapter - Downloaded https://repo.maven.apache.org/maven2/org/springframework/boot/spring-boot-test-autoconfigure/2.3.3.RELEASE/spring-boot-test-autoconfigure-2.3.3.RELEASE-sources.jar
2020-08-14 14:40:08,802 [Worker-2: ソースおよび Javadoc のダウンロード] INFO  o.e.m.j.internal.DownloadSourcesJob - Downloaded sources for org.springframework.boot:spring-boot-test-autoconfigure:2.3.3.RELEASE
2020-08-14 14:40:09,293 [Worker-2: ソースおよび Javadoc のダウンロード] INFO  o.e.m.c.i.e.AbstractTransferListenerAdapter - https://repo.maven.apache.org/maven2/net/bytebuddy/byte-buddy/1.10.14/byte-buddy-1.10.14-sources.jar のダウンロード中
2020-08-14 14:40:11,408 [Worker-2: ソースおよび Javadoc のダウンロード] INFO  o.e.m.c.i.e.AbstractTransferListenerAdapter - Downloaded https://repo.maven.apache.org/maven2/net/bytebuddy/byte-buddy/1.10.14/byte-buddy-1.10.14-sources.jar
2020-08-14 14:40:11,426 [Worker-2: ソースおよび Javadoc のダウンロード] INFO  o.e.m.j.internal.DownloadSourcesJob - Downloaded sources for net.bytebuddy:byte-buddy:1.10.14
2020-08-14 14:40:12,013 [Worker-2: ソースおよび Javadoc のダウンロード] INFO  o.e.m.c.i.e.AbstractTransferListenerAdapter - https://repo.maven.apache.org/maven2/net/bytebuddy/byte-buddy-agent/1.10.14/byte-buddy-agent-1.10.14-sources.jar のダウンロード中
2020-08-14 14:40:12,604 [Worker-2: ソースおよび Javadoc のダウンロード] INFO  o.e.m.c.i.e.AbstractTransferListenerAdapter - Downloaded https://repo.maven.apache.org/maven2/net/bytebuddy/byte-buddy-agent/1.10.14/byte-buddy-agent-1.10.14-sources.jar
2020-08-14 14:40:12,613 [Worker-2: ソースおよび Javadoc のダウンロード] INFO  o.e.m.j.internal.DownloadSourcesJob - Downloaded sources for net.bytebuddy:byte-buddy-agent:1.10.14
2020-08-14 14:40:12,615 [Worker-2: ソースおよび Javadoc のダウンロード] INFO  o.e.m.j.internal.DownloadSourcesJob - Downloaded sources for org.springframework.boot:spring-boot-starter-thymeleaf:2.3.3.RELEASE
2020-08-14 14:40:12,617 [Worker-2: ソースおよび Javadoc のダウンロード] INFO  o.e.m.j.internal.DownloadSourcesJob - Downloaded sources for org.springframework.boot:spring-boot-starter:2.3.3.RELEASE
2020-08-14 14:40:12,619 [Worker-2: ソースおよび Javadoc のダウンロード] INFO  o.e.m.j.internal.DownloadSourcesJob - Downloaded sources for org.springframework.boot:spring-boot-starter-logging:2.3.3.RELEASE
2020-08-14 14:40:12,621 [Worker-2: ソースおよび Javadoc のダウンロード] INFO  o.e.m.j.internal.DownloadSourcesJob - Downloaded sources for org.springframework.boot:spring-boot-starter-validation:2.3.3.RELEASE
2020-08-14 14:40:12,622 [Worker-2: ソースおよび Javadoc のダウンロード] INFO  o.e.m.j.internal.DownloadSourcesJob - Downloaded sources for org.springframework.boot:spring-boot-starter-web:2.3.3.RELEASE
2020-08-14 14:40:12,625 [Worker-2: ソースおよび Javadoc のダウンロード] INFO  o.e.m.j.internal.DownloadSourcesJob - Downloaded sources for org.springframework.boot:spring-boot-starter-json:2.3.3.RELEASE
2020-08-14 14:40:12,626 [Worker-2: ソースおよび Javadoc のダウンロード] INFO  o.e.m.j.internal.DownloadSourcesJob - Downloaded sources for com.fasterxml.jackson.core:jackson-databind:2.11.2
2020-08-14 14:40:12,628 [Worker-2: ソースおよび Javadoc のダウンロード] INFO  o.e.m.j.internal.DownloadSourcesJob - Downloaded sources for com.fasterxml.jackson.core:jackson-annotations:2.11.2
2020-08-14 14:40:12,630 [Worker-2: ソースおよび Javadoc のダウンロード] INFO  o.e.m.j.internal.DownloadSourcesJob - Downloaded sources for com.fasterxml.jackson.core:jackson-core:2.11.2
2020-08-14 14:40:12,632 [Worker-2: ソースおよび Javadoc のダウンロード] INFO  o.e.m.j.internal.DownloadSourcesJob - Downloaded sources for com.fasterxml.jackson.datatype:jackson-datatype-jdk8:2.11.2
2020-08-14 14:40:12,633 [Worker-2: ソースおよび Javadoc のダウンロード] INFO  o.e.m.j.internal.DownloadSourcesJob - Downloaded sources for com.fasterxml.jackson.datatype:jackson-datatype-jsr310:2.11.2
2020-08-14 14:40:12,635 [Worker-2: ソースおよび Javadoc のダウンロード] INFO  o.e.m.j.internal.DownloadSourcesJob - Downloaded sources for com.fasterxml.jackson.module:jackson-module-parameter-names:2.11.2
2020-08-14 14:40:12,637 [Worker-2: ソースおよび Javadoc のダウンロード] INFO  o.e.m.j.internal.DownloadSourcesJob - Downloaded sources for org.springframework.boot:spring-boot-starter-tomcat:2.3.3.RELEASE
2020-08-14 14:40:12,639 [Worker-2: ソースおよび Javadoc のダウンロード] INFO  o.e.m.j.internal.DownloadSourcesJob - Downloaded sources for org.springframework.boot:spring-boot-devtools:2.3.3.RELEASE
2020-08-14 14:40:12,640 [Worker-2: ソースおよび Javadoc のダウンロード] INFO  o.e.m.j.internal.DownloadSourcesJob - Downloaded sources for org.springframework.boot:spring-boot:2.3.3.RELEASE
2020-08-14 14:40:12,642 [Worker-2: ソースおよび Javadoc のダウンロード] INFO  o.e.m.j.internal.DownloadSourcesJob - Downloaded sources for org.springframework.boot:spring-boot-autoconfigure:2.3.3.RELEASE
2020-08-14 14:40:12,643 [Worker-2: ソースおよび Javadoc のダウンロード] INFO  o.e.m.j.internal.DownloadSourcesJob - Downloaded sources for org.springframework.boot:spring-boot-starter-test:2.3.3.RELEASE
2020-08-14 14:40:12,645 [Worker-2: ソースおよび Javadoc のダウンロード] INFO  o.e.m.j.internal.DownloadSourcesJob - Downloaded sources for org.springframework.boot:spring-boot-test:2.3.3.RELEASE
2020-08-14 14:40:12,646 [Worker-2: ソースおよび Javadoc のダウンロード] INFO  o.e.m.j.internal.DownloadSourcesJob - Downloaded sources for org.springframework.boot:spring-boot-test-autoconfigure:2.3.3.RELEASE
2020-08-14 14:40:12,648 [Worker-2: ソースおよび Javadoc のダウンロード] INFO  o.e.m.j.internal.DownloadSourcesJob - Downloaded sources for net.bytebuddy:byte-buddy:1.10.14
2020-08-14 14:40:12,649 [Worker-2: ソースおよび Javadoc のダウンロード] INFO  o.e.m.j.internal.DownloadSourcesJob - Downloaded sources for net.bytebuddy:byte-buddy-agent:1.10.14
2020-08-14 14:40:12,651 [Worker-2: ソースおよび Javadoc のダウンロード] INFO  o.e.m.j.internal.DownloadSourcesJob - Downloaded sources for org.springframework.boot:spring-boot-starter-thymeleaf:2.3.3.RELEASE
2020-08-14 14:40:12,652 [Worker-2: ソースおよび Javadoc のダウンロード] INFO  o.e.m.j.internal.DownloadSourcesJob - Downloaded sources for org.springframework.boot:spring-boot-starter:2.3.3.RELEASE
2020-08-14 14:40:12,654 [Worker-2: ソースおよび Javadoc のダウンロード] INFO  o.e.m.j.internal.DownloadSourcesJob - Downloaded sources for org.springframework.boot:spring-boot-starter-logging:2.3.3.RELEASE
2020-08-14 14:40:12,655 [Worker-2: ソースおよび Javadoc のダウンロード] INFO  o.e.m.j.internal.DownloadSourcesJob - Downloaded sources for org.springframework.boot:spring-boot-starter-validation:2.3.3.RELEASE
2020-08-14 14:40:12,657 [Worker-2: ソースおよび Javadoc のダウンロード] INFO  o.e.m.j.internal.DownloadSourcesJob - Downloaded sources for org.springframework.boot:spring-boot-starter-web:2.3.3.RELEASE
2020-08-14 14:40:12,659 [Worker-2: ソースおよび Javadoc のダウンロード] INFO  o.e.m.j.internal.DownloadSourcesJob - Downloaded sources for org.springframework.boot:spring-boot-starter-json:2.3.3.RELEASE
2020-08-14 14:40:12,660 [Worker-2: ソースおよび Javadoc のダウンロード] INFO  o.e.m.j.internal.DownloadSourcesJob - Downloaded sources for com.fasterxml.jackson.core:jackson-databind:2.11.2
2020-08-14 14:40:12,662 [Worker-2: ソースおよび Javadoc のダウンロード] INFO  o.e.m.j.internal.DownloadSourcesJob - Downloaded sources for com.fasterxml.jackson.core:jackson-annotations:2.11.2
2020-08-14 14:40:12,664 [Worker-2: ソースおよび Javadoc のダウンロード] INFO  o.e.m.j.internal.DownloadSourcesJob - Downloaded sources for com.fasterxml.jackson.core:jackson-core:2.11.2
2020-08-14 14:40:12,665 [Worker-2: ソースおよび Javadoc のダウンロード] INFO  o.e.m.j.internal.DownloadSourcesJob - Downloaded sources for com.fasterxml.jackson.datatype:jackson-datatype-jdk8:2.11.2
2020-08-14 14:40:12,667 [Worker-2: ソースおよび Javadoc のダウンロード] INFO  o.e.m.j.internal.DownloadSourcesJob - Downloaded sources for com.fasterxml.jackson.datatype:jackson-datatype-jsr310:2.11.2
2020-08-14 14:40:12,668 [Worker-2: ソースおよび Javadoc のダウンロード] INFO  o.e.m.j.internal.DownloadSourcesJob - Downloaded sources for com.fasterxml.jackson.module:jackson-module-parameter-names:2.11.2
2020-08-14 14:40:12,670 [Worker-2: ソースおよび Javadoc のダウンロード] INFO  o.e.m.j.internal.DownloadSourcesJob - Downloaded sources for org.springframework.boot:spring-boot-starter-tomcat:2.3.3.RELEASE
2020-08-14 14:40:12,672 [Worker-2: ソースおよび Javadoc のダウンロード] INFO  o.e.m.j.internal.DownloadSourcesJob - Downloaded sources for org.springframework.boot:spring-boot-devtools:2.3.3.RELEASE
2020-08-14 14:40:12,673 [Worker-2: ソースおよび Javadoc のダウンロード] INFO  o.e.m.j.internal.DownloadSourcesJob - Downloaded sources for org.springframework.boot:spring-boot:2.3.3.RELEASE
2020-08-14 14:40:12,675 [Worker-2: ソースおよび Javadoc のダウンロード] INFO  o.e.m.j.internal.DownloadSourcesJob - Downloaded sources for org.springframework.boot:spring-boot-autoconfigure:2.3.3.RELEASE
2020-08-14 14:40:12,676 [Worker-2: ソースおよび Javadoc のダウンロード] INFO  o.e.m.j.internal.DownloadSourcesJob - Downloaded sources for org.springframework.boot:spring-boot-starter-test:2.3.3.RELEASE
2020-08-14 14:40:12,678 [Worker-2: ソースおよび Javadoc のダウンロード] INFO  o.e.m.j.internal.DownloadSourcesJob - Downloaded sources for org.springframework.boot:spring-boot-test:2.3.3.RELEASE
2020-08-14 14:40:12,679 [Worker-2: ソースおよび Javadoc のダウンロード] INFO  o.e.m.j.internal.DownloadSourcesJob - Downloaded sources for org.springframework.boot:spring-boot-test-autoconfigure:2.3.3.RELEASE
2020-08-14 14:40:12,681 [Worker-2: ソースおよび Javadoc のダウンロード] INFO  o.e.m.j.internal.DownloadSourcesJob - Downloaded sources for net.bytebuddy:byte-buddy:1.10.14
2020-08-14 14:40:12,683 [Worker-2: ソースおよび Javadoc のダウンロード] INFO  o.e.m.j.internal.DownloadSourcesJob - Downloaded sources for net.bytebuddy:byte-buddy-agent:1.10.14
2020-08-14 14:40:12,684 [Worker-2: ソースおよび Javadoc のダウンロード] INFO  o.e.m.j.internal.DownloadSourcesJob - Downloaded sources for org.springframework.boot:spring-boot-starter-thymeleaf:2.3.3.RELEASE
2020-08-14 14:40:12,686 [Worker-2: ソースおよび Javadoc のダウンロード] INFO  o.e.m.j.internal.DownloadSourcesJob - Downloaded sources for org.springframework.boot:spring-boot-starter:2.3.3.RELEASE
2020-08-14 14:40:12,687 [Worker-2: ソースおよび Javadoc のダウンロード] INFO  o.e.m.j.internal.DownloadSourcesJob - Downloaded sources for org.springframework.boot:spring-boot-starter-logging:2.3.3.RELEASE
2020-08-14 14:40:12,689 [Worker-2: ソースおよび Javadoc のダウンロード] INFO  o.e.m.j.internal.DownloadSourcesJob - Downloaded sources for org.springframework.boot:spring-boot-starter-validation:2.3.3.RELEASE
2020-08-14 14:40:12,690 [Worker-2: ソースおよび Javadoc のダウンロード] INFO  o.e.m.j.internal.DownloadSourcesJob - Downloaded sources for org.springframework.boot:spring-boot-starter-web:2.3.3.RELEASE
2020-08-14 14:40:12,691 [Worker-2: ソースおよび Javadoc のダウンロード] INFO  o.e.m.j.internal.DownloadSourcesJob - Downloaded sources for org.springframework.boot:spring-boot-starter-json:2.3.3.RELEASE
2020-08-14 14:40:12,693 [Worker-2: ソースおよび Javadoc のダウンロード] INFO  o.e.m.j.internal.DownloadSourcesJob - Downloaded sources for com.fasterxml.jackson.core:jackson-databind:2.11.2
2020-08-14 14:40:12,695 [Worker-2: ソースおよび Javadoc のダウンロード] INFO  o.e.m.j.internal.DownloadSourcesJob - Downloaded sources for com.fasterxml.jackson.core:jackson-annotations:2.11.2
2020-08-14 14:40:12,697 [Worker-2: ソースおよび Javadoc のダウンロード] INFO  o.e.m.j.internal.DownloadSourcesJob - Downloaded sources for com.fasterxml.jackson.core:jackson-core:2.11.2
2020-08-14 14:40:12,699 [Worker-2: ソースおよび Javadoc のダウンロード] INFO  o.e.m.j.internal.DownloadSourcesJob - Downloaded sources for com.fasterxml.jackson.datatype:jackson-datatype-jdk8:2.11.2
2020-08-14 14:40:12,701 [Worker-2: ソースおよび Javadoc のダウンロード] INFO  o.e.m.j.internal.DownloadSourcesJob - Downloaded sources for com.fasterxml.jackson.datatype:jackson-datatype-jsr310:2.11.2
2020-08-14 14:40:12,703 [Worker-2: ソースおよび Javadoc のダウンロード] INFO  o.e.m.j.internal.DownloadSourcesJob - Downloaded sources for com.fasterxml.jackson.module:jackson-module-parameter-names:2.11.2
2020-08-14 14:40:12,705 [Worker-2: ソースおよび Javadoc のダウンロード] INFO  o.e.m.j.internal.DownloadSourcesJob - Downloaded sources for org.springframework.boot:spring-boot-starter-tomcat:2.3.3.RELEASE
2020-08-14 14:40:12,706 [Worker-2: ソースおよび Javadoc のダウンロード] INFO  o.e.m.j.internal.DownloadSourcesJob - Downloaded sources for org.springframework.boot:spring-boot-devtools:2.3.3.RELEASE
2020-08-14 14:40:12,708 [Worker-2: ソースおよび Javadoc のダウンロード] INFO  o.e.m.j.internal.DownloadSourcesJob - Downloaded sources for org.springframework.boot:spring-boot:2.3.3.RELEASE
2020-08-14 14:40:12,710 [Worker-2: ソースおよび Javadoc のダウンロード] INFO  o.e.m.j.internal.DownloadSourcesJob - Downloaded sources for org.springframework.boot:spring-boot-autoconfigure:2.3.3.RELEASE
2020-08-14 14:40:12,712 [Worker-2: ソースおよび Javadoc のダウンロード] INFO  o.e.m.j.internal.DownloadSourcesJob - Downloaded sources for org.springframework.boot:spring-boot-starter-test:2.3.3.RELEASE
2020-08-14 14:40:12,714 [Worker-2: ソースおよび Javadoc のダウンロード] INFO  o.e.m.j.internal.DownloadSourcesJob - Downloaded sources for org.springframework.boot:spring-boot-test:2.3.3.RELEASE
2020-08-14 14:40:12,716 [Worker-2: ソースおよび Javadoc のダウンロード] INFO  o.e.m.j.internal.DownloadSourcesJob - Downloaded sources for org.springframework.boot:spring-boot-test-autoconfigure:2.3.3.RELEASE
2020-08-14 14:40:12,718 [Worker-2: ソースおよび Javadoc のダウンロード] INFO  o.e.m.j.internal.DownloadSourcesJob - Downloaded sources for net.bytebuddy:byte-buddy:1.10.14
2020-08-14 14:40:12,719 [Worker-2: ソースおよび Javadoc のダウンロード] INFO  o.e.m.j.internal.DownloadSourcesJob - Downloaded sources for net.bytebuddy:byte-buddy-agent:1.10.14
2020-08-14 14:40:12,933 [Worker-6: ビルド] INFO  o.e.m.c.i.embedder.EclipseLogger - Using 'UTF-8' encoding to copy filtered resources.
2020-08-14 14:40:12,935 [Worker-6: ビルド] INFO  o.e.m.c.i.embedder.EclipseLogger - Copying 0 resource
2020-08-14 14:40:12,935 [Worker-6: ビルド] INFO  o.e.m.c.i.embedder.EclipseLogger - Copying 0 resource
2020-08-14 14:40:12,936 [Worker-6: ビルド] INFO  o.e.m.c.i.embedder.EclipseLogger - Using 'UTF-8' encoding to copy filtered resources.
2020-08-14 14:40:12,936 [Worker-6: ビルド] INFO  o.e.m.c.i.embedder.EclipseLogger - skip non existing resourceDirectory /Users/masahiro/Desktop/java-spring/spring-study2/boot-mvc-e2/src/test/resources
2020-08-14 14:44:12,871 [Worker-4: 入門コンテンツのインポート] INFO  o.e.m.c.i.l.LifecycleMappingFactory - Using org.eclipse.m2e.jdt.JarLifecycleMapping lifecycle mapping for MavenProject: com.example:boot-mvc-e2:0.0.1-SNAPSHOT @ /Users/masahiro/Desktop/java-spring/spring-study2/boot-mvc-e2/pom.xml.
2020-08-14 14:44:13,349 [Worker-4: 入門コンテンツのインポート] INFO  o.e.m.j.i.AbstractJavaProjectConfigurator - Adding source folder /boot-mvc-e2/src/main/java
2020-08-14 14:44:13,349 [Worker-4: 入門コンテンツのインポート] INFO  o.e.m.j.i.AbstractJavaProjectConfigurator - Adding resource folder /boot-mvc-e2/src/main/resources
2020-08-14 14:44:13,352 [Worker-4: 入門コンテンツのインポート] INFO  o.e.m.j.i.AbstractJavaProjectConfigurator - Adding resource folder /boot-mvc-e2/src/main/resources
2020-08-14 14:44:13,356 [Worker-4: 入門コンテンツのインポート] INFO  o.e.m.j.i.AbstractJavaProjectConfigurator - Adding source folder /boot-mvc-e2/src/test/java
2020-08-14 14:44:13,774 [Worker-4: 入門コンテンツのインポート] INFO  o.e.m.c.i.p.ProjectConfigurationManager - Imported and configured 1 project(s) in 1 sec
2020-08-14 14:44:13,774 [Worker-4: 入門コンテンツのインポート] INFO  o.e.m.c.i.p.ProjectConfigurationManager - Update started
2020-08-14 14:44:13,981 [Worker-4: 入門コンテンツのインポート] INFO  o.e.m.c.i.l.LifecycleMappingFactory - Using org.eclipse.m2e.jdt.JarLifecycleMapping lifecycle mapping for MavenProject: com.example:boot-mvc-e2:0.0.1-SNAPSHOT @ /Users/masahiro/Desktop/java-spring/spring-study2/boot-mvc-e2/pom.xml.
2020-08-14 14:44:14,159 [Worker-4: 入門コンテンツのインポート] INFO  o.e.m.j.i.AbstractJavaProjectConfigurator - Adding source folder /boot-mvc-e2/src/main/java
2020-08-14 14:44:14,159 [Worker-4: 入門コンテンツのインポート] INFO  o.e.m.j.i.AbstractJavaProjectConfigurator - Adding resource folder /boot-mvc-e2/src/main/resources
2020-08-14 14:44:14,160 [Worker-4: 入門コンテンツのインポート] INFO  o.e.m.j.i.AbstractJavaProjectConfigurator - Adding resource folder /boot-mvc-e2/src/main/resources
2020-08-14 14:44:14,163 [Worker-4: 入門コンテンツのインポート] INFO  o.e.m.j.i.AbstractJavaProjectConfigurator - Adding source folder /boot-mvc-e2/src/test/java
2020-08-14 14:44:14,315 [Worker-4: 入門コンテンツのインポート] INFO  o.e.m.c.i.p.ProjectConfigurationManager - Update completed: 0 sec
2020-08-14 14:44:14,868 [Worker-11: ビルド] INFO  o.e.m.c.i.embedder.EclipseLogger - Using 'UTF-8' encoding to copy filtered resources.
2020-08-14 14:44:14,869 [Worker-11: ビルド] INFO  o.e.m.c.i.embedder.EclipseLogger - Copying 1 resource
2020-08-14 14:44:14,877 [Worker-11: ビルド] INFO  o.e.m.c.i.embedder.EclipseLogger - Copying 0 resource
2020-08-14 14:44:14,878 [Worker-11: ビルド] INFO  o.e.m.c.i.embedder.EclipseLogger - Using 'UTF-8' encoding to copy filtered resources.
2020-08-14 14:44:14,878 [Worker-11: ビルド] INFO  o.e.m.c.i.embedder.EclipseLogger - skip non existing resourceDirectory /Users/masahiro/Desktop/java-spring/spring-study2/boot-mvc-e2/src/test/resources
2020-08-14 14:47:17,319 [Worker-13: ビルド] INFO  o.e.m.c.i.embedder.EclipseLogger - Using 'UTF-8' encoding to copy filtered resources.
2020-08-14 14:47:17,321 [Worker-13: ビルド] INFO  o.e.m.c.i.embedder.EclipseLogger - Copying 1 resource
2020-08-14 14:47:17,323 [Worker-13: ビルド] INFO  o.e.m.c.i.embedder.EclipseLogger - Copying 0 resource
2020-08-14 14:47:17,324 [Worker-13: ビルド] INFO  o.e.m.c.i.embedder.EclipseLogger - Using 'UTF-8' encoding to copy filtered resources.
2020-08-14 14:47:17,324 [Worker-13: ビルド] INFO  o.e.m.c.i.embedder.EclipseLogger - skip non existing resourceDirectory /Users/masahiro/Desktop/java-spring/spring-study2/boot-mvc-e2/src/test/resources
2020-08-14 14:47:18,352 [Worker-16: ビルド] INFO  o.e.m.c.i.embedder.EclipseLogger - Using 'UTF-8' encoding to copy filtered resources.
2020-08-14 14:47:18,352 [Worker-16: ビルド] INFO  o.e.m.c.i.embedder.EclipseLogger - Copying 0 resource
2020-08-14 14:47:18,352 [Worker-16: ビルド] INFO  o.e.m.c.i.embedder.EclipseLogger - Copying 0 resource
2020-08-14 14:47:18,353 [Worker-16: ビルド] INFO  o.e.m.c.i.embedder.EclipseLogger - Using 'UTF-8' encoding to copy filtered resources.
2020-08-14 14:47:18,353 [Worker-16: ビルド] INFO  o.e.m.c.i.embedder.EclipseLogger - skip non existing resourceDirectory /Users/masahiro/Desktop/java-spring/spring-study2/boot-mvc-e2/src/test/resources
2020-08-14 14:48:10,950 [Worker-13: ビルド] INFO  o.e.m.c.i.embedder.EclipseLogger - Using 'UTF-8' encoding to copy filtered resources.
2020-08-14 14:48:10,951 [Worker-13: ビルド] INFO  o.e.m.c.i.embedder.EclipseLogger - Copying 1 resource
2020-08-14 14:48:10,953 [Worker-13: ビルド] INFO  o.e.m.c.i.embedder.EclipseLogger - Copying 0 resource
2020-08-14 14:48:10,954 [Worker-13: ビルド] INFO  o.e.m.c.i.embedder.EclipseLogger - Using 'UTF-8' encoding to copy filtered resources.
2020-08-14 14:48:10,955 [Worker-13: ビルド] INFO  o.e.m.c.i.embedder.EclipseLogger - skip non existing resourceDirectory /Users/masahiro/Desktop/java-spring/spring-study2/boot-mvc-e2/src/test/resources
2020-08-14 14:58:07,467 [Worker-18: ビルド] INFO  o.e.m.c.i.embedder.EclipseLogger - Using 'UTF-8' encoding to copy filtered resources.
2020-08-14 14:58:07,468 [Worker-18: ビルド] INFO  o.e.m.c.i.embedder.EclipseLogger - Copying 1 resource
2020-08-14 14:58:07,470 [Worker-18: ビルド] INFO  o.e.m.c.i.embedder.EclipseLogger - Copying 0 resource
2020-08-14 14:58:07,471 [Worker-18: ビルド] INFO  o.e.m.c.i.embedder.EclipseLogger - Using 'UTF-8' encoding to copy filtered resources.
2020-08-14 14:58:07,471 [Worker-18: ビルド] INFO  o.e.m.c.i.embedder.EclipseLogger - skip non existing resourceDirectory /Users/masahiro/Desktop/java-spring/spring-study2/boot-mvc-e2/src/test/resources
2020-08-14 15:02:04,879 [Worker-18: ビルド] INFO  o.e.m.c.i.embedder.EclipseLogger - Using 'UTF-8' encoding to copy filtered resources.
2020-08-14 15:02:04,880 [Worker-18: ビルド] INFO  o.e.m.c.i.embedder.EclipseLogger - Copying 1 resource
2020-08-14 15:02:04,881 [Worker-18: ビルド] INFO  o.e.m.c.i.embedder.EclipseLogger - Copying 0 resource
2020-08-14 15:02:04,883 [Worker-18: ビルド] INFO  o.e.m.c.i.embedder.EclipseLogger - Using 'UTF-8' encoding to copy filtered resources.
2020-08-14 15:02:04,883 [Worker-18: ビルド] INFO  o.e.m.c.i.embedder.EclipseLogger - skip non existing resourceDirectory /Users/masahiro/Desktop/java-spring/spring-study2/boot-mvc-e2/src/test/resources
2020-08-14 15:02:36,624 [Worker-18: ビルド] INFO  o.e.m.c.i.embedder.EclipseLogger - Using 'UTF-8' encoding to copy filtered resources.
2020-08-14 15:02:36,625 [Worker-18: ビルド] INFO  o.e.m.c.i.embedder.EclipseLogger - Copying 1 resource
2020-08-14 15:02:36,626 [Worker-18: ビルド] INFO  o.e.m.c.i.embedder.EclipseLogger - Copying 0 resource
2020-08-14 15:02:36,627 [Worker-18: ビルド] INFO  o.e.m.c.i.embedder.EclipseLogger - Using 'UTF-8' encoding to copy filtered resources.
2020-08-14 15:02:36,627 [Worker-18: ビルド] INFO  o.e.m.c.i.embedder.EclipseLogger - skip non existing resourceDirectory /Users/masahiro/Desktop/java-spring/spring-study2/boot-mvc-e2/src/test/resources
2020-08-14 15:03:36,455 [Worker-19: ビルド] INFO  o.e.m.c.i.embedder.EclipseLogger - Using 'UTF-8' encoding to copy filtered resources.
2020-08-14 15:03:36,455 [Worker-19: ビルド] INFO  o.e.m.c.i.embedder.EclipseLogger - Copying 1 resource
2020-08-14 15:03:36,456 [Worker-19: ビルド] INFO  o.e.m.c.i.embedder.EclipseLogger - Copying 0 resource
2020-08-14 15:03:36,459 [Worker-19: ビルド] INFO  o.e.m.c.i.embedder.EclipseLogger - Using 'UTF-8' encoding to copy filtered resources.
2020-08-14 15:03:36,459 [Worker-19: ビルド] INFO  o.e.m.c.i.embedder.EclipseLogger - skip non existing resourceDirectory /Users/masahiro/Desktop/java-spring/spring-study2/boot-mvc-e2/src/test/resources
2020-08-14 15:04:31,626 [Worker-12: ビルド] INFO  o.e.m.c.i.embedder.EclipseLogger - Using 'UTF-8' encoding to copy filtered resources.
2020-08-14 15:04:31,627 [Worker-12: ビルド] INFO  o.e.m.c.i.embedder.EclipseLogger - Copying 1 resource
2020-08-14 15:04:31,628 [Worker-12: ビルド] INFO  o.e.m.c.i.embedder.EclipseLogger - Copying 0 resource
2020-08-14 15:04:31,629 [Worker-12: ビルド] INFO  o.e.m.c.i.embedder.EclipseLogger - Using 'UTF-8' encoding to copy filtered resources.
2020-08-14 15:04:31,630 [Worker-12: ビルド] INFO  o.e.m.c.i.embedder.EclipseLogger - skip non existing resourceDirectory /Users/masahiro/Desktop/java-spring/spring-study2/boot-mvc-e2/src/test/resources
2020-08-14 15:04:46,865 [Worker-16: ビルド] INFO  o.e.m.c.i.embedder.EclipseLogger - Using 'UTF-8' encoding to copy filtered resources.
2020-08-14 15:04:46,865 [Worker-16: ビルド] INFO  o.e.m.c.i.embedder.EclipseLogger - Copying 1 resource
2020-08-14 15:04:46,866 [Worker-16: ビルド] INFO  o.e.m.c.i.embedder.EclipseLogger - Copying 0 resource
2020-08-14 15:04:46,868 [Worker-16: ビルド] INFO  o.e.m.c.i.embedder.EclipseLogger - Using 'UTF-8' encoding to copy filtered resources.
2020-08-14 15:04:46,868 [Worker-16: ビルド] INFO  o.e.m.c.i.embedder.EclipseLogger - skip non existing resourceDirectory /Users/masahiro/Desktop/java-spring/spring-study2/boot-mvc-e2/src/test/resources
2020-08-14 15:12:04,139 [Worker-12: ビルド] INFO  o.e.m.c.i.embedder.EclipseLogger - Using 'UTF-8' encoding to copy filtered resources.
2020-08-14 15:12:04,140 [Worker-12: ビルド] INFO  o.e.m.c.i.embedder.EclipseLogger - Copying 1 resource
2020-08-14 15:12:04,141 [Worker-12: ビルド] INFO  o.e.m.c.i.embedder.EclipseLogger - Copying 0 resource
2020-08-14 15:12:04,143 [Worker-12: ビルド] INFO  o.e.m.c.i.embedder.EclipseLogger - Using 'UTF-8' encoding to copy filtered resources.
2020-08-14 15:12:04,143 [Worker-12: ビルド] INFO  o.e.m.c.i.embedder.EclipseLogger - skip non existing resourceDirectory /Users/masahiro/Desktop/java-spring/spring-study2/boot-mvc-e2/src/test/resources
2020-08-14 15:12:20,257 [Worker-18: ビルド] INFO  o.e.m.c.i.embedder.EclipseLogger - Using 'UTF-8' encoding to copy filtered resources.
2020-08-14 15:12:20,258 [Worker-18: ビルド] INFO  o.e.m.c.i.embedder.EclipseLogger - Copying 1 resource
2020-08-14 15:12:20,259 [Worker-18: ビルド] INFO  o.e.m.c.i.embedder.EclipseLogger - Copying 0 resource
2020-08-14 15:12:20,261 [Worker-18: ビルド] INFO  o.e.m.c.i.embedder.EclipseLogger - Using 'UTF-8' encoding to copy filtered resources.
2020-08-14 15:12:20,261 [Worker-18: ビルド] INFO  o.e.m.c.i.embedder.EclipseLogger - skip non existing resourceDirectory /Users/masahiro/Desktop/java-spring/spring-study2/boot-mvc-e2/src/test/resources
2020-08-14 15:16:54,882 [Worker-27: ビルド] INFO  o.e.m.c.i.embedder.EclipseLogger - Using 'UTF-8' encoding to copy filtered resources.
2020-08-14 15:16:54,883 [Worker-27: ビルド] INFO  o.e.m.c.i.embedder.EclipseLogger - Copying 1 resource
2020-08-14 15:16:54,884 [Worker-27: ビルド] INFO  o.e.m.c.i.embedder.EclipseLogger - Copying 0 resource
2020-08-14 15:16:54,886 [Worker-27: ビルド] INFO  o.e.m.c.i.embedder.EclipseLogger - Using 'UTF-8' encoding to copy filtered resources.
2020-08-14 15:16:54,886 [Worker-27: ビルド] INFO  o.e.m.c.i.embedder.EclipseLogger - skip non existing resourceDirectory /Users/masahiro/Desktop/java-spring/spring-study2/boot-mvc-e2/src/test/resources
2020-08-14 15:17:49,543 [Worker-26: ビルド] INFO  o.e.m.c.i.embedder.EclipseLogger - Using 'UTF-8' encoding to copy filtered resources.
2020-08-14 15:17:49,544 [Worker-26: ビルド] INFO  o.e.m.c.i.embedder.EclipseLogger - Copying 1 resource
2020-08-14 15:17:49,544 [Worker-26: ビルド] INFO  o.e.m.c.i.embedder.EclipseLogger - Copying 0 resource
2020-08-14 15:17:49,546 [Worker-26: ビルド] INFO  o.e.m.c.i.embedder.EclipseLogger - Using 'UTF-8' encoding to copy filtered resources.
2020-08-14 15:17:49,546 [Worker-26: ビルド] INFO  o.e.m.c.i.embedder.EclipseLogger - skip non existing resourceDirectory /Users/masahiro/Desktop/java-spring/spring-study2/boot-mvc-e2/src/test/resources
2020-08-14 15:19:01,017 [Worker-18: ビルド] INFO  o.e.m.c.i.embedder.EclipseLogger - Using 'UTF-8' encoding to copy filtered resources.
2020-08-14 15:19:01,018 [Worker-18: ビルド] INFO  o.e.m.c.i.embedder.EclipseLogger - Copying 1 resource
2020-08-14 15:19:01,019 [Worker-18: ビルド] INFO  o.e.m.c.i.embedder.EclipseLogger - Copying 0 resource
2020-08-14 15:19:01,020 [Worker-18: ビルド] INFO  o.e.m.c.i.embedder.EclipseLogger - Using 'UTF-8' encoding to copy filtered resources.
2020-08-14 15:19:01,020 [Worker-18: ビルド] INFO  o.e.m.c.i.embedder.EclipseLogger - skip non existing resourceDirectory /Users/masahiro/Desktop/java-spring/spring-study2/boot-mvc-e2/src/test/resources
2020-08-14 15:19:18,427 [Worker-24: ビルド] INFO  o.e.m.c.i.embedder.EclipseLogger - Using 'UTF-8' encoding to copy filtered resources.
2020-08-14 15:19:18,428 [Worker-24: ビルド] INFO  o.e.m.c.i.embedder.EclipseLogger - Copying 1 resource
2020-08-14 15:19:18,428 [Worker-24: ビルド] INFO  o.e.m.c.i.embedder.EclipseLogger - Copying 0 resource
2020-08-14 15:19:18,430 [Worker-24: ビルド] INFO  o.e.m.c.i.embedder.EclipseLogger - Using 'UTF-8' encoding to copy filtered resources.
2020-08-14 15:19:18,430 [Worker-24: ビルド] INFO  o.e.m.c.i.embedder.EclipseLogger - skip non existing resourceDirectory /Users/masahiro/Desktop/java-spring/spring-study2/boot-mvc-e2/src/test/resources
2020-08-14 15:20:35,214 [Worker-12: ビルド] INFO  o.e.m.c.i.embedder.EclipseLogger - Using 'UTF-8' encoding to copy filtered resources.
2020-08-14 15:20:35,215 [Worker-12: ビルド] INFO  o.e.m.c.i.embedder.EclipseLogger - Copying 1 resource
2020-08-14 15:20:35,217 [Worker-12: ビルド] INFO  o.e.m.c.i.embedder.EclipseLogger - Copying 0 resource
2020-08-14 15:20:35,218 [Worker-12: ビルド] INFO  o.e.m.c.i.embedder.EclipseLogger - Using 'UTF-8' encoding to copy filtered resources.
2020-08-14 15:20:35,218 [Worker-12: ビルド] INFO  o.e.m.c.i.embedder.EclipseLogger - skip non existing resourceDirectory /Users/masahiro/Desktop/java-spring/spring-study2/boot-mvc-e2/src/test/resources
2020-08-14 15:23:07,885 [Worker-12: ビルド] INFO  o.e.m.c.i.embedder.EclipseLogger - Using 'UTF-8' encoding to copy filtered resources.
2020-08-14 15:23:07,886 [Worker-12: ビルド] INFO  o.e.m.c.i.embedder.EclipseLogger - Copying 1 resource
2020-08-14 15:23:07,887 [Worker-12: ビルド] INFO  o.e.m.c.i.embedder.EclipseLogger - Copying 0 resource
2020-08-14 15:23:07,888 [Worker-12: ビルド] INFO  o.e.m.c.i.embedder.EclipseLogger - Using 'UTF-8' encoding to copy filtered resources.
2020-08-14 15:23:07,889 [Worker-12: ビルド] INFO  o.e.m.c.i.embedder.EclipseLogger - skip non existing resourceDirectory /Users/masahiro/Desktop/java-spring/spring-study2/boot-mvc-e2/src/test/resources
